{"D:\\JSMunroe\\sequence-js\\src\\Sequence.ts": {"path":"D:\\JSMunroe\\sequence-js\\src\\Sequence.ts","all":false,"statementMap":{"0":{"start":{"line":1,"column":0},"end":{"line":1,"column":46}},"1":{"start":{"line":2,"column":0},"end":{"line":2,"column":0}},"2":{"start":{"line":3,"column":0},"end":{"line":3,"column":50}},"3":{"start":{"line":4,"column":0},"end":{"line":4,"column":26}},"4":{"start":{"line":5,"column":0},"end":{"line":5,"column":163}},"5":{"start":{"line":6,"column":0},"end":{"line":6,"column":26}},"6":{"start":{"line":7,"column":0},"end":{"line":7,"column":39}},"7":{"start":{"line":8,"column":0},"end":{"line":8,"column":0}},"8":{"start":{"line":9,"column":0},"end":{"line":9,"column":65}},"9":{"start":{"line":10,"column":0},"end":{"line":10,"column":71}},"10":{"start":{"line":11,"column":0},"end":{"line":11,"column":0}},"11":{"start":{"line":12,"column":0},"end":{"line":12,"column":42}},"12":{"start":{"line":13,"column":0},"end":{"line":13,"column":34}},"13":{"start":{"line":14,"column":0},"end":{"line":14,"column":5}},"14":{"start":{"line":15,"column":0},"end":{"line":15,"column":0}},"15":{"start":{"line":16,"column":0},"end":{"line":16,"column":21}},"16":{"start":{"line":17,"column":0},"end":{"line":17,"column":22}},"17":{"start":{"line":18,"column":0},"end":{"line":18,"column":31}},"18":{"start":{"line":19,"column":0},"end":{"line":19,"column":20}},"19":{"start":{"line":20,"column":0},"end":{"line":20,"column":9}},"20":{"start":{"line":21,"column":0},"end":{"line":21,"column":0}},"21":{"start":{"line":22,"column":0},"end":{"line":22,"column":21}},"22":{"start":{"line":23,"column":0},"end":{"line":23,"column":5}},"23":{"start":{"line":24,"column":0},"end":{"line":24,"column":0}},"24":{"start":{"line":25,"column":0},"end":{"line":25,"column":71}},"25":{"start":{"line":26,"column":0},"end":{"line":26,"column":81}},"26":{"start":{"line":27,"column":0},"end":{"line":27,"column":5}},"27":{"start":{"line":28,"column":0},"end":{"line":28,"column":0}},"28":{"start":{"line":29,"column":0},"end":{"line":29,"column":149}},"29":{"start":{"line":30,"column":0},"end":{"line":30,"column":80}},"30":{"start":{"line":31,"column":0},"end":{"line":31,"column":5}},"31":{"start":{"line":32,"column":0},"end":{"line":32,"column":0}},"32":{"start":{"line":33,"column":0},"end":{"line":33,"column":153}},"33":{"start":{"line":34,"column":0},"end":{"line":34,"column":84}},"34":{"start":{"line":35,"column":0},"end":{"line":35,"column":5}},"35":{"start":{"line":36,"column":0},"end":{"line":36,"column":0}},"36":{"start":{"line":37,"column":0},"end":{"line":37,"column":144}},"37":{"start":{"line":38,"column":0},"end":{"line":38,"column":84}},"38":{"start":{"line":39,"column":0},"end":{"line":39,"column":5}},"39":{"start":{"line":40,"column":0},"end":{"line":40,"column":0}},"40":{"start":{"line":41,"column":0},"end":{"line":41,"column":177}},"41":{"start":{"line":42,"column":0},"end":{"line":42,"column":39}},"42":{"start":{"line":43,"column":0},"end":{"line":43,"column":22}},"43":{"start":{"line":44,"column":0},"end":{"line":44,"column":34}},"44":{"start":{"line":45,"column":0},"end":{"line":45,"column":68}},"45":{"start":{"line":46,"column":0},"end":{"line":46,"column":9}},"46":{"start":{"line":47,"column":0},"end":{"line":47,"column":0}},"47":{"start":{"line":48,"column":0},"end":{"line":48,"column":27}},"48":{"start":{"line":49,"column":0},"end":{"line":49,"column":5}},"49":{"start":{"line":50,"column":0},"end":{"line":50,"column":0}},"50":{"start":{"line":51,"column":0},"end":{"line":51,"column":182}},"51":{"start":{"line":52,"column":0},"end":{"line":52,"column":39}},"52":{"start":{"line":53,"column":0},"end":{"line":53,"column":37}},"53":{"start":{"line":54,"column":0},"end":{"line":54,"column":47}},"54":{"start":{"line":55,"column":0},"end":{"line":55,"column":68}},"55":{"start":{"line":56,"column":0},"end":{"line":56,"column":9}},"56":{"start":{"line":57,"column":0},"end":{"line":57,"column":0}},"57":{"start":{"line":58,"column":0},"end":{"line":58,"column":27}},"58":{"start":{"line":59,"column":0},"end":{"line":59,"column":5}},"59":{"start":{"line":60,"column":0},"end":{"line":60,"column":0}},"60":{"start":{"line":61,"column":0},"end":{"line":61,"column":42}},"61":{"start":{"line":62,"column":0},"end":{"line":62,"column":34}},"62":{"start":{"line":63,"column":0},"end":{"line":63,"column":32}},"63":{"start":{"line":64,"column":0},"end":{"line":64,"column":28}},"64":{"start":{"line":65,"column":0},"end":{"line":65,"column":13}},"65":{"start":{"line":66,"column":0},"end":{"line":66,"column":9}},"66":{"start":{"line":67,"column":0},"end":{"line":67,"column":0}},"67":{"start":{"line":68,"column":0},"end":{"line":68,"column":25}},"68":{"start":{"line":69,"column":0},"end":{"line":69,"column":5}},"69":{"start":{"line":70,"column":0},"end":{"line":70,"column":0}},"70":{"start":{"line":71,"column":0},"end":{"line":71,"column":107}},"71":{"start":{"line":72,"column":0},"end":{"line":72,"column":143}},"72":{"start":{"line":73,"column":0},"end":{"line":73,"column":144}},"73":{"start":{"line":74,"column":0},"end":{"line":74,"column":60}},"74":{"start":{"line":75,"column":0},"end":{"line":75,"column":0}},"75":{"start":{"line":76,"column":0},"end":{"line":76,"column":20}},"76":{"start":{"line":77,"column":0},"end":{"line":77,"column":5}},"77":{"start":{"line":78,"column":0},"end":{"line":78,"column":0}},"78":{"start":{"line":79,"column":0},"end":{"line":79,"column":101}},"79":{"start":{"line":80,"column":0},"end":{"line":80,"column":137}},"80":{"start":{"line":81,"column":0},"end":{"line":81,"column":138}},"81":{"start":{"line":82,"column":0},"end":{"line":82,"column":59}},"82":{"start":{"line":83,"column":0},"end":{"line":83,"column":0}},"83":{"start":{"line":84,"column":0},"end":{"line":84,"column":21}},"84":{"start":{"line":85,"column":0},"end":{"line":85,"column":5}},"85":{"start":{"line":86,"column":0},"end":{"line":86,"column":0}},"86":{"start":{"line":87,"column":0},"end":{"line":87,"column":111}},"87":{"start":{"line":88,"column":0},"end":{"line":88,"column":147}},"88":{"start":{"line":89,"column":0},"end":{"line":89,"column":148}},"89":{"start":{"line":90,"column":0},"end":{"line":90,"column":64}},"90":{"start":{"line":91,"column":0},"end":{"line":91,"column":0}},"91":{"start":{"line":92,"column":0},"end":{"line":92,"column":20}},"92":{"start":{"line":93,"column":0},"end":{"line":93,"column":5}},"93":{"start":{"line":94,"column":0},"end":{"line":94,"column":0}},"94":{"start":{"line":95,"column":0},"end":{"line":95,"column":105}},"95":{"start":{"line":96,"column":0},"end":{"line":96,"column":141}},"96":{"start":{"line":97,"column":0},"end":{"line":97,"column":142}},"97":{"start":{"line":98,"column":0},"end":{"line":98,"column":63}},"98":{"start":{"line":99,"column":0},"end":{"line":99,"column":0}},"99":{"start":{"line":100,"column":0},"end":{"line":100,"column":21}},"100":{"start":{"line":101,"column":0},"end":{"line":101,"column":5}},"101":{"start":{"line":102,"column":0},"end":{"line":102,"column":0}},"102":{"start":{"line":103,"column":0},"end":{"line":103,"column":42}},"103":{"start":{"line":104,"column":0},"end":{"line":104,"column":61}},"104":{"start":{"line":105,"column":0},"end":{"line":105,"column":63}},"105":{"start":{"line":106,"column":0},"end":{"line":106,"column":41}},"106":{"start":{"line":107,"column":0},"end":{"line":107,"column":96}},"107":{"start":{"line":108,"column":0},"end":{"line":108,"column":40}},"108":{"start":{"line":109,"column":0},"end":{"line":109,"column":38}},"109":{"start":{"line":110,"column":0},"end":{"line":110,"column":30}},"110":{"start":{"line":111,"column":0},"end":{"line":111,"column":13}},"111":{"start":{"line":112,"column":0},"end":{"line":112,"column":18}},"112":{"start":{"line":113,"column":0},"end":{"line":113,"column":36}},"113":{"start":{"line":114,"column":0},"end":{"line":114,"column":13}},"114":{"start":{"line":115,"column":0},"end":{"line":115,"column":9}},"115":{"start":{"line":116,"column":0},"end":{"line":116,"column":0}},"116":{"start":{"line":117,"column":0},"end":{"line":117,"column":22}},"117":{"start":{"line":118,"column":0},"end":{"line":118,"column":34}},"118":{"start":{"line":119,"column":0},"end":{"line":119,"column":49}},"119":{"start":{"line":120,"column":0},"end":{"line":120,"column":23}},"120":{"start":{"line":121,"column":0},"end":{"line":121,"column":25}},"121":{"start":{"line":122,"column":0},"end":{"line":122,"column":13}},"122":{"start":{"line":123,"column":0},"end":{"line":123,"column":0}},"123":{"start":{"line":124,"column":0},"end":{"line":124,"column":79}},"124":{"start":{"line":125,"column":0},"end":{"line":125,"column":29}},"125":{"start":{"line":126,"column":0},"end":{"line":126,"column":13}},"126":{"start":{"line":127,"column":0},"end":{"line":127,"column":0}},"127":{"start":{"line":128,"column":0},"end":{"line":128,"column":19}},"128":{"start":{"line":129,"column":0},"end":{"line":129,"column":9}},"129":{"start":{"line":130,"column":0},"end":{"line":130,"column":0}},"130":{"start":{"line":131,"column":0},"end":{"line":131,"column":18}},"131":{"start":{"line":132,"column":0},"end":{"line":132,"column":5}},"132":{"start":{"line":133,"column":0},"end":{"line":133,"column":0}},"133":{"start":{"line":134,"column":0},"end":{"line":134,"column":46}},"134":{"start":{"line":135,"column":0},"end":{"line":135,"column":65}},"135":{"start":{"line":136,"column":0},"end":{"line":136,"column":67}},"136":{"start":{"line":137,"column":0},"end":{"line":137,"column":41}},"137":{"start":{"line":138,"column":0},"end":{"line":138,"column":96}},"138":{"start":{"line":139,"column":0},"end":{"line":139,"column":40}},"139":{"start":{"line":140,"column":0},"end":{"line":140,"column":38}},"140":{"start":{"line":141,"column":0},"end":{"line":141,"column":26}},"141":{"start":{"line":142,"column":0},"end":{"line":142,"column":13}},"142":{"start":{"line":143,"column":0},"end":{"line":143,"column":18}},"143":{"start":{"line":144,"column":0},"end":{"line":144,"column":36}},"144":{"start":{"line":145,"column":0},"end":{"line":145,"column":13}},"145":{"start":{"line":146,"column":0},"end":{"line":146,"column":9}},"146":{"start":{"line":147,"column":0},"end":{"line":147,"column":0}},"147":{"start":{"line":148,"column":0},"end":{"line":148,"column":22}},"148":{"start":{"line":149,"column":0},"end":{"line":149,"column":28}},"149":{"start":{"line":150,"column":0},"end":{"line":150,"column":34}},"150":{"start":{"line":151,"column":0},"end":{"line":151,"column":49}},"151":{"start":{"line":152,"column":0},"end":{"line":152,"column":23}},"152":{"start":{"line":153,"column":0},"end":{"line":153,"column":25}},"153":{"start":{"line":154,"column":0},"end":{"line":154,"column":13}},"154":{"start":{"line":155,"column":0},"end":{"line":155,"column":0}},"155":{"start":{"line":156,"column":0},"end":{"line":156,"column":41}},"156":{"start":{"line":157,"column":0},"end":{"line":157,"column":35}},"157":{"start":{"line":158,"column":0},"end":{"line":158,"column":13}},"158":{"start":{"line":159,"column":0},"end":{"line":159,"column":0}},"159":{"start":{"line":160,"column":0},"end":{"line":160,"column":19}},"160":{"start":{"line":161,"column":0},"end":{"line":161,"column":9}},"161":{"start":{"line":162,"column":0},"end":{"line":162,"column":0}},"162":{"start":{"line":163,"column":0},"end":{"line":163,"column":26}},"163":{"start":{"line":164,"column":0},"end":{"line":164,"column":5}},"164":{"start":{"line":165,"column":0},"end":{"line":165,"column":0}},"165":{"start":{"line":166,"column":0},"end":{"line":166,"column":42}},"166":{"start":{"line":167,"column":0},"end":{"line":167,"column":88}},"167":{"start":{"line":168,"column":0},"end":{"line":168,"column":5}},"168":{"start":{"line":169,"column":0},"end":{"line":169,"column":0}},"169":{"start":{"line":170,"column":0},"end":{"line":170,"column":30}},"170":{"start":{"line":171,"column":0},"end":{"line":171,"column":53}},"171":{"start":{"line":172,"column":0},"end":{"line":172,"column":5}},"172":{"start":{"line":173,"column":0},"end":{"line":173,"column":0}},"173":{"start":{"line":174,"column":0},"end":{"line":174,"column":31}},"174":{"start":{"line":175,"column":0},"end":{"line":175,"column":51}},"175":{"start":{"line":176,"column":0},"end":{"line":176,"column":5}},"176":{"start":{"line":177,"column":0},"end":{"line":177,"column":0}},"177":{"start":{"line":178,"column":0},"end":{"line":178,"column":69}},"178":{"start":{"line":179,"column":0},"end":{"line":179,"column":72}},"179":{"start":{"line":180,"column":0},"end":{"line":180,"column":5}},"180":{"start":{"line":181,"column":0},"end":{"line":181,"column":0}},"181":{"start":{"line":182,"column":0},"end":{"line":182,"column":35}},"182":{"start":{"line":183,"column":0},"end":{"line":183,"column":66}},"183":{"start":{"line":184,"column":0},"end":{"line":184,"column":5}},"184":{"start":{"line":185,"column":0},"end":{"line":185,"column":0}},"185":{"start":{"line":186,"column":0},"end":{"line":186,"column":32}},"186":{"start":{"line":187,"column":0},"end":{"line":187,"column":71}},"187":{"start":{"line":188,"column":0},"end":{"line":188,"column":73}},"188":{"start":{"line":189,"column":0},"end":{"line":189,"column":75}},"189":{"start":{"line":190,"column":0},"end":{"line":190,"column":5}},"190":{"start":{"line":191,"column":0},"end":{"line":191,"column":0}},"191":{"start":{"line":192,"column":0},"end":{"line":192,"column":99}},"192":{"start":{"line":193,"column":0},"end":{"line":193,"column":24}},"193":{"start":{"line":194,"column":0},"end":{"line":194,"column":96}},"194":{"start":{"line":195,"column":0},"end":{"line":195,"column":40}},"195":{"start":{"line":196,"column":0},"end":{"line":196,"column":34}},"196":{"start":{"line":197,"column":0},"end":{"line":197,"column":26}},"197":{"start":{"line":198,"column":0},"end":{"line":198,"column":13}},"198":{"start":{"line":199,"column":0},"end":{"line":199,"column":18}},"199":{"start":{"line":200,"column":0},"end":{"line":200,"column":32}},"200":{"start":{"line":201,"column":0},"end":{"line":201,"column":13}},"201":{"start":{"line":202,"column":0},"end":{"line":202,"column":9}},"202":{"start":{"line":203,"column":0},"end":{"line":203,"column":0}},"203":{"start":{"line":204,"column":0},"end":{"line":204,"column":94}},"204":{"start":{"line":205,"column":0},"end":{"line":205,"column":5}},"205":{"start":{"line":206,"column":0},"end":{"line":206,"column":0}},"206":{"start":{"line":207,"column":0},"end":{"line":207,"column":36}},"207":{"start":{"line":208,"column":0},"end":{"line":208,"column":71}},"208":{"start":{"line":209,"column":0},"end":{"line":209,"column":76}},"209":{"start":{"line":210,"column":0},"end":{"line":210,"column":95}},"210":{"start":{"line":211,"column":0},"end":{"line":211,"column":5}},"211":{"start":{"line":212,"column":0},"end":{"line":212,"column":0}},"212":{"start":{"line":213,"column":0},"end":{"line":213,"column":46}},"213":{"start":{"line":214,"column":0},"end":{"line":214,"column":72}},"214":{"start":{"line":215,"column":0},"end":{"line":215,"column":5}},"215":{"start":{"line":216,"column":0},"end":{"line":216,"column":4}},"216":{"start":{"line":217,"column":0},"end":{"line":217,"column":49}},"217":{"start":{"line":218,"column":0},"end":{"line":218,"column":75}},"218":{"start":{"line":219,"column":0},"end":{"line":219,"column":5}},"219":{"start":{"line":220,"column":0},"end":{"line":220,"column":0}},"220":{"start":{"line":221,"column":0},"end":{"line":221,"column":29}},"221":{"start":{"line":222,"column":0},"end":{"line":222,"column":42}},"222":{"start":{"line":223,"column":0},"end":{"line":223,"column":55}},"223":{"start":{"line":224,"column":0},"end":{"line":224,"column":71}},"224":{"start":{"line":225,"column":0},"end":{"line":225,"column":35}},"225":{"start":{"line":226,"column":0},"end":{"line":226,"column":96}},"226":{"start":{"line":227,"column":0},"end":{"line":227,"column":40}},"227":{"start":{"line":228,"column":0},"end":{"line":228,"column":0}},"228":{"start":{"line":229,"column":0},"end":{"line":229,"column":37}},"229":{"start":{"line":230,"column":0},"end":{"line":230,"column":39}},"230":{"start":{"line":231,"column":0},"end":{"line":231,"column":30}},"231":{"start":{"line":232,"column":0},"end":{"line":232,"column":17}},"232":{"start":{"line":233,"column":0},"end":{"line":233,"column":22}},"233":{"start":{"line":234,"column":0},"end":{"line":234,"column":36}},"234":{"start":{"line":235,"column":0},"end":{"line":235,"column":17}},"235":{"start":{"line":236,"column":0},"end":{"line":236,"column":13}},"236":{"start":{"line":237,"column":0},"end":{"line":237,"column":33}},"237":{"start":{"line":238,"column":0},"end":{"line":238,"column":36}},"238":{"start":{"line":239,"column":0},"end":{"line":239,"column":28}},"239":{"start":{"line":240,"column":0},"end":{"line":240,"column":17}},"240":{"start":{"line":241,"column":0},"end":{"line":241,"column":22}},"241":{"start":{"line":242,"column":0},"end":{"line":242,"column":34}},"242":{"start":{"line":243,"column":0},"end":{"line":243,"column":17}},"243":{"start":{"line":244,"column":0},"end":{"line":244,"column":13}},"244":{"start":{"line":245,"column":0},"end":{"line":245,"column":9}},"245":{"start":{"line":246,"column":0},"end":{"line":246,"column":0}},"246":{"start":{"line":247,"column":0},"end":{"line":247,"column":26}},"247":{"start":{"line":248,"column":0},"end":{"line":248,"column":43}},"248":{"start":{"line":249,"column":0},"end":{"line":249,"column":9}},"249":{"start":{"line":250,"column":0},"end":{"line":250,"column":0}},"250":{"start":{"line":251,"column":0},"end":{"line":251,"column":75}},"251":{"start":{"line":252,"column":0},"end":{"line":252,"column":5}},"252":{"start":{"line":253,"column":0},"end":{"line":253,"column":0}},"253":{"start":{"line":254,"column":0},"end":{"line":254,"column":55}},"254":{"start":{"line":255,"column":0},"end":{"line":255,"column":24}},"255":{"start":{"line":256,"column":0},"end":{"line":256,"column":96}},"256":{"start":{"line":257,"column":0},"end":{"line":257,"column":40}},"257":{"start":{"line":258,"column":0},"end":{"line":258,"column":28}},"258":{"start":{"line":259,"column":0},"end":{"line":259,"column":0}},"259":{"start":{"line":260,"column":0},"end":{"line":260,"column":47}},"260":{"start":{"line":261,"column":0},"end":{"line":261,"column":81}},"261":{"start":{"line":262,"column":0},"end":{"line":262,"column":13}},"262":{"start":{"line":263,"column":0},"end":{"line":263,"column":9}},"263":{"start":{"line":264,"column":0},"end":{"line":264,"column":0}},"264":{"start":{"line":265,"column":0},"end":{"line":265,"column":75}},"265":{"start":{"line":266,"column":0},"end":{"line":266,"column":5}},"266":{"start":{"line":267,"column":0},"end":{"line":267,"column":0}},"267":{"start":{"line":268,"column":0},"end":{"line":268,"column":57}},"268":{"start":{"line":269,"column":0},"end":{"line":269,"column":34}},"269":{"start":{"line":270,"column":0},"end":{"line":270,"column":35}},"270":{"start":{"line":271,"column":0},"end":{"line":271,"column":29}},"271":{"start":{"line":272,"column":0},"end":{"line":272,"column":13}},"272":{"start":{"line":273,"column":0},"end":{"line":273,"column":9}},"273":{"start":{"line":274,"column":0},"end":{"line":274,"column":0}},"274":{"start":{"line":275,"column":0},"end":{"line":275,"column":20}},"275":{"start":{"line":276,"column":0},"end":{"line":276,"column":5}},"276":{"start":{"line":277,"column":0},"end":{"line":277,"column":0}},"277":{"start":{"line":278,"column":0},"end":{"line":278,"column":56}},"278":{"start":{"line":279,"column":0},"end":{"line":279,"column":34}},"279":{"start":{"line":280,"column":0},"end":{"line":280,"column":34}},"280":{"start":{"line":281,"column":0},"end":{"line":281,"column":28}},"281":{"start":{"line":282,"column":0},"end":{"line":282,"column":13}},"282":{"start":{"line":283,"column":0},"end":{"line":283,"column":9}},"283":{"start":{"line":284,"column":0},"end":{"line":284,"column":0}},"284":{"start":{"line":285,"column":0},"end":{"line":285,"column":21}},"285":{"start":{"line":286,"column":0},"end":{"line":286,"column":5}},"286":{"start":{"line":287,"column":0},"end":{"line":287,"column":0}},"287":{"start":{"line":288,"column":0},"end":{"line":288,"column":65}},"288":{"start":{"line":289,"column":0},"end":{"line":289,"column":41}},"289":{"start":{"line":290,"column":0},"end":{"line":290,"column":96}},"290":{"start":{"line":291,"column":0},"end":{"line":291,"column":40}},"291":{"start":{"line":292,"column":0},"end":{"line":292,"column":38}},"292":{"start":{"line":293,"column":0},"end":{"line":293,"column":30}},"293":{"start":{"line":294,"column":0},"end":{"line":294,"column":13}},"294":{"start":{"line":295,"column":0},"end":{"line":295,"column":18}},"295":{"start":{"line":296,"column":0},"end":{"line":296,"column":36}},"296":{"start":{"line":297,"column":0},"end":{"line":297,"column":13}},"297":{"start":{"line":298,"column":0},"end":{"line":298,"column":9}},"298":{"start":{"line":299,"column":0},"end":{"line":299,"column":0}},"299":{"start":{"line":300,"column":0},"end":{"line":300,"column":22}},"300":{"start":{"line":301,"column":0},"end":{"line":301,"column":34}},"301":{"start":{"line":302,"column":0},"end":{"line":302,"column":51}},"302":{"start":{"line":303,"column":0},"end":{"line":303,"column":25}},"303":{"start":{"line":304,"column":0},"end":{"line":304,"column":13}},"304":{"start":{"line":305,"column":0},"end":{"line":305,"column":0}},"305":{"start":{"line":306,"column":0},"end":{"line":306,"column":41}},"306":{"start":{"line":307,"column":0},"end":{"line":307,"column":28}},"307":{"start":{"line":308,"column":0},"end":{"line":308,"column":13}},"308":{"start":{"line":309,"column":0},"end":{"line":309,"column":9}},"309":{"start":{"line":310,"column":0},"end":{"line":310,"column":0}},"310":{"start":{"line":311,"column":0},"end":{"line":311,"column":21}},"311":{"start":{"line":312,"column":0},"end":{"line":312,"column":5}},"312":{"start":{"line":313,"column":0},"end":{"line":313,"column":0}},"313":{"start":{"line":314,"column":0},"end":{"line":314,"column":24}},"314":{"start":{"line":315,"column":0},"end":{"line":315,"column":40}},"315":{"start":{"line":316,"column":0},"end":{"line":316,"column":0}},"316":{"start":{"line":317,"column":0},"end":{"line":317,"column":48}},"317":{"start":{"line":318,"column":0},"end":{"line":318,"column":34}},"318":{"start":{"line":319,"column":0},"end":{"line":319,"column":0}},"319":{"start":{"line":320,"column":0},"end":{"line":320,"column":46}},"320":{"start":{"line":321,"column":0},"end":{"line":321,"column":32}},"321":{"start":{"line":322,"column":0},"end":{"line":322,"column":13}},"322":{"start":{"line":323,"column":0},"end":{"line":323,"column":9}},"323":{"start":{"line":324,"column":0},"end":{"line":324,"column":0}},"324":{"start":{"line":325,"column":0},"end":{"line":325,"column":63}},"325":{"start":{"line":326,"column":0},"end":{"line":326,"column":55}},"326":{"start":{"line":327,"column":0},"end":{"line":327,"column":9}},"327":{"start":{"line":328,"column":0},"end":{"line":328,"column":0}},"328":{"start":{"line":329,"column":0},"end":{"line":329,"column":21}},"329":{"start":{"line":330,"column":0},"end":{"line":330,"column":5}},"330":{"start":{"line":331,"column":0},"end":{"line":331,"column":0}},"331":{"start":{"line":332,"column":0},"end":{"line":332,"column":24}},"332":{"start":{"line":333,"column":0},"end":{"line":333,"column":98}},"333":{"start":{"line":334,"column":0},"end":{"line":334,"column":5}},"334":{"start":{"line":335,"column":0},"end":{"line":335,"column":0}},"335":{"start":{"line":336,"column":0},"end":{"line":336,"column":30}},"336":{"start":{"line":337,"column":0},"end":{"line":337,"column":106}},"337":{"start":{"line":338,"column":0},"end":{"line":338,"column":5}},"338":{"start":{"line":339,"column":0},"end":{"line":339,"column":0}},"339":{"start":{"line":340,"column":0},"end":{"line":340,"column":130}},"340":{"start":{"line":341,"column":0},"end":{"line":341,"column":22}},"341":{"start":{"line":342,"column":0},"end":{"line":342,"column":34}},"342":{"start":{"line":343,"column":0},"end":{"line":343,"column":98}},"343":{"start":{"line":344,"column":0},"end":{"line":344,"column":9}},"344":{"start":{"line":345,"column":0},"end":{"line":345,"column":5}},"345":{"start":{"line":346,"column":0},"end":{"line":346,"column":0}},"346":{"start":{"line":347,"column":0},"end":{"line":347,"column":43}},"347":{"start":{"line":348,"column":0},"end":{"line":348,"column":63}},"348":{"start":{"line":349,"column":0},"end":{"line":349,"column":58}},"349":{"start":{"line":350,"column":0},"end":{"line":350,"column":48}},"350":{"start":{"line":351,"column":0},"end":{"line":351,"column":5}},"351":{"start":{"line":352,"column":0},"end":{"line":352,"column":0}},"352":{"start":{"line":353,"column":0},"end":{"line":353,"column":81}},"353":{"start":{"line":354,"column":0},"end":{"line":354,"column":149}},"354":{"start":{"line":355,"column":0},"end":{"line":355,"column":159}},"355":{"start":{"line":356,"column":0},"end":{"line":356,"column":75}},"356":{"start":{"line":357,"column":0},"end":{"line":357,"column":5}},"357":{"start":{"line":358,"column":0},"end":{"line":358,"column":0}},"358":{"start":{"line":359,"column":0},"end":{"line":359,"column":58}},"359":{"start":{"line":360,"column":0},"end":{"line":360,"column":58}},"360":{"start":{"line":361,"column":0},"end":{"line":361,"column":5}},"361":{"start":{"line":362,"column":0},"end":{"line":362,"column":0}},"362":{"start":{"line":363,"column":0},"end":{"line":363,"column":74}},"363":{"start":{"line":364,"column":0},"end":{"line":364,"column":41}},"364":{"start":{"line":365,"column":0},"end":{"line":365,"column":5}},"365":{"start":{"line":366,"column":0},"end":{"line":366,"column":0}},"366":{"start":{"line":367,"column":0},"end":{"line":367,"column":50}},"367":{"start":{"line":368,"column":0},"end":{"line":368,"column":52}},"368":{"start":{"line":369,"column":0},"end":{"line":369,"column":5}},"369":{"start":{"line":370,"column":0},"end":{"line":370,"column":0}},"370":{"start":{"line":371,"column":0},"end":{"line":371,"column":167}},"371":{"start":{"line":372,"column":0},"end":{"line":372,"column":22}},"372":{"start":{"line":373,"column":0},"end":{"line":373,"column":34}},"373":{"start":{"line":374,"column":0},"end":{"line":374,"column":102}},"374":{"start":{"line":375,"column":0},"end":{"line":375,"column":37}},"375":{"start":{"line":376,"column":0},"end":{"line":376,"column":13}},"376":{"start":{"line":377,"column":0},"end":{"line":377,"column":0}},"377":{"start":{"line":378,"column":0},"end":{"line":378,"column":20}},"378":{"start":{"line":379,"column":0},"end":{"line":379,"column":9}},"379":{"start":{"line":380,"column":0},"end":{"line":380,"column":0}},"380":{"start":{"line":381,"column":0},"end":{"line":381,"column":31}},"381":{"start":{"line":382,"column":0},"end":{"line":382,"column":5}},"382":{"start":{"line":383,"column":0},"end":{"line":383,"column":0}},"383":{"start":{"line":384,"column":0},"end":{"line":384,"column":171}},"384":{"start":{"line":385,"column":0},"end":{"line":385,"column":22}},"385":{"start":{"line":386,"column":0},"end":{"line":386,"column":28}},"386":{"start":{"line":387,"column":0},"end":{"line":387,"column":41}},"387":{"start":{"line":388,"column":0},"end":{"line":388,"column":34}},"388":{"start":{"line":389,"column":0},"end":{"line":389,"column":102}},"389":{"start":{"line":390,"column":0},"end":{"line":390,"column":35}},"390":{"start":{"line":391,"column":0},"end":{"line":391,"column":33}},"391":{"start":{"line":392,"column":0},"end":{"line":392,"column":13}},"392":{"start":{"line":393,"column":0},"end":{"line":393,"column":0}},"393":{"start":{"line":394,"column":0},"end":{"line":394,"column":20}},"394":{"start":{"line":395,"column":0},"end":{"line":395,"column":9}},"395":{"start":{"line":396,"column":0},"end":{"line":396,"column":0}},"396":{"start":{"line":397,"column":0},"end":{"line":397,"column":42}},"397":{"start":{"line":398,"column":0},"end":{"line":398,"column":5}},"398":{"start":{"line":399,"column":0},"end":{"line":399,"column":0}},"399":{"start":{"line":400,"column":0},"end":{"line":400,"column":44}},"400":{"start":{"line":401,"column":0},"end":{"line":401,"column":32}},"401":{"start":{"line":402,"column":0},"end":{"line":402,"column":5}},"402":{"start":{"line":403,"column":0},"end":{"line":403,"column":1}},"403":{"start":{"line":404,"column":0},"end":{"line":404,"column":0}},"404":{"start":{"line":405,"column":0},"end":{"line":405,"column":142}},"405":{"start":{"line":406,"column":0},"end":{"line":406,"column":18}},"406":{"start":{"line":407,"column":0},"end":{"line":407,"column":28}},"407":{"start":{"line":408,"column":0},"end":{"line":408,"column":54}},"408":{"start":{"line":409,"column":0},"end":{"line":409,"column":104}},"409":{"start":{"line":410,"column":0},"end":{"line":410,"column":9}},"410":{"start":{"line":411,"column":0},"end":{"line":411,"column":5}},"411":{"start":{"line":412,"column":0},"end":{"line":412,"column":10}},"412":{"start":{"line":413,"column":0},"end":{"line":413,"column":48}},"413":{"start":{"line":414,"column":0},"end":{"line":414,"column":116}},"414":{"start":{"line":415,"column":0},"end":{"line":415,"column":9}},"415":{"start":{"line":416,"column":0},"end":{"line":416,"column":5}},"416":{"start":{"line":417,"column":0},"end":{"line":417,"column":1}},"417":{"start":{"line":418,"column":0},"end":{"line":418,"column":0}},"418":{"start":{"line":419,"column":0},"end":{"line":419,"column":35}},"419":{"start":{"line":420,"column":0},"end":{"line":420,"column":25}},"420":{"start":{"line":421,"column":0},"end":{"line":421,"column":1}},"421":{"start":{"line":422,"column":0},"end":{"line":422,"column":0}},"422":{"start":{"line":423,"column":0},"end":{"line":423,"column":103}},"423":{"start":{"line":424,"column":0},"end":{"line":424,"column":51}},"424":{"start":{"line":425,"column":0},"end":{"line":425,"column":92}},"425":{"start":{"line":426,"column":0},"end":{"line":426,"column":40}},"426":{"start":{"line":427,"column":0},"end":{"line":427,"column":0}},"427":{"start":{"line":428,"column":0},"end":{"line":428,"column":33}},"428":{"start":{"line":429,"column":0},"end":{"line":429,"column":28}},"429":{"start":{"line":430,"column":0},"end":{"line":430,"column":9}},"430":{"start":{"line":431,"column":0},"end":{"line":431,"column":29}},"431":{"start":{"line":432,"column":0},"end":{"line":432,"column":26}},"432":{"start":{"line":433,"column":0},"end":{"line":433,"column":9}},"433":{"start":{"line":434,"column":0},"end":{"line":434,"column":5}},"434":{"start":{"line":435,"column":0},"end":{"line":435,"column":0}},"435":{"start":{"line":436,"column":0},"end":{"line":436,"column":18}},"436":{"start":{"line":437,"column":0},"end":{"line":437,"column":34}},"437":{"start":{"line":438,"column":0},"end":{"line":438,"column":66}},"438":{"start":{"line":439,"column":0},"end":{"line":439,"column":24}},"439":{"start":{"line":440,"column":0},"end":{"line":440,"column":16}},"440":{"start":{"line":441,"column":0},"end":{"line":441,"column":23}},"441":{"start":{"line":442,"column":0},"end":{"line":442,"column":9}},"442":{"start":{"line":443,"column":0},"end":{"line":443,"column":0}},"443":{"start":{"line":444,"column":0},"end":{"line":444,"column":16}},"444":{"start":{"line":445,"column":0},"end":{"line":445,"column":5}},"445":{"start":{"line":446,"column":0},"end":{"line":446,"column":1}},"446":{"start":{"line":447,"column":0},"end":{"line":447,"column":0}},"447":{"start":{"line":448,"column":0},"end":{"line":448,"column":167}},"448":{"start":{"line":449,"column":0},"end":{"line":449,"column":18}},"449":{"start":{"line":450,"column":0},"end":{"line":450,"column":34}},"450":{"start":{"line":451,"column":0},"end":{"line":451,"column":104}},"451":{"start":{"line":452,"column":0},"end":{"line":452,"column":5}},"452":{"start":{"line":453,"column":0},"end":{"line":453,"column":1}},"453":{"start":{"line":454,"column":0},"end":{"line":454,"column":0}},"454":{"start":{"line":455,"column":0},"end":{"line":455,"column":191}},"455":{"start":{"line":456,"column":0},"end":{"line":456,"column":18}},"456":{"start":{"line":457,"column":0},"end":{"line":457,"column":18}},"457":{"start":{"line":458,"column":0},"end":{"line":458,"column":34}},"458":{"start":{"line":459,"column":0},"end":{"line":459,"column":113}},"459":{"start":{"line":460,"column":0},"end":{"line":460,"column":0}},"460":{"start":{"line":461,"column":0},"end":{"line":461,"column":46}},"461":{"start":{"line":462,"column":0},"end":{"line":462,"column":52}},"462":{"start":{"line":463,"column":0},"end":{"line":463,"column":16}},"463":{"start":{"line":464,"column":0},"end":{"line":464,"column":25}},"464":{"start":{"line":465,"column":0},"end":{"line":465,"column":9}},"465":{"start":{"line":466,"column":0},"end":{"line":466,"column":5}},"466":{"start":{"line":467,"column":0},"end":{"line":467,"column":1}},"467":{"start":{"line":468,"column":0},"end":{"line":468,"column":0}},"468":{"start":{"line":469,"column":0},"end":{"line":469,"column":165}},"469":{"start":{"line":470,"column":0},"end":{"line":470,"column":18}},"470":{"start":{"line":471,"column":0},"end":{"line":471,"column":34}},"471":{"start":{"line":472,"column":0},"end":{"line":472,"column":110}},"472":{"start":{"line":473,"column":0},"end":{"line":473,"column":23}},"473":{"start":{"line":474,"column":0},"end":{"line":474,"column":9}},"474":{"start":{"line":475,"column":0},"end":{"line":475,"column":5}},"475":{"start":{"line":476,"column":0},"end":{"line":476,"column":1}},"476":{"start":{"line":477,"column":0},"end":{"line":477,"column":0}},"477":{"start":{"line":478,"column":0},"end":{"line":478,"column":98}},"478":{"start":{"line":479,"column":0},"end":{"line":479,"column":20}},"479":{"start":{"line":480,"column":0},"end":{"line":480,"column":33}},"480":{"start":{"line":481,"column":0},"end":{"line":481,"column":32}},"481":{"start":{"line":482,"column":0},"end":{"line":482,"column":25}},"482":{"start":{"line":483,"column":0},"end":{"line":483,"column":16}},"483":{"start":{"line":484,"column":0},"end":{"line":484,"column":24}},"484":{"start":{"line":485,"column":0},"end":{"line":485,"column":9}},"485":{"start":{"line":486,"column":0},"end":{"line":486,"column":5}},"486":{"start":{"line":487,"column":0},"end":{"line":487,"column":1}},"487":{"start":{"line":488,"column":0},"end":{"line":488,"column":0}},"488":{"start":{"line":489,"column":0},"end":{"line":489,"column":63}},"489":{"start":{"line":490,"column":0},"end":{"line":490,"column":39}},"490":{"start":{"line":491,"column":0},"end":{"line":491,"column":0}},"491":{"start":{"line":492,"column":0},"end":{"line":492,"column":49}},"492":{"start":{"line":493,"column":0},"end":{"line":493,"column":23}},"493":{"start":{"line":494,"column":0},"end":{"line":494,"column":5}},"494":{"start":{"line":495,"column":0},"end":{"line":495,"column":1}},"495":{"start":{"line":496,"column":0},"end":{"line":496,"column":0}},"496":{"start":{"line":497,"column":0},"end":{"line":497,"column":0}},"497":{"start":{"line":498,"column":0},"end":{"line":498,"column":0}},"498":{"start":{"line":499,"column":0},"end":{"line":499,"column":90}},"499":{"start":{"line":500,"column":0},"end":{"line":500,"column":18}},"500":{"start":{"line":501,"column":0},"end":{"line":501,"column":34}},"501":{"start":{"line":502,"column":0},"end":{"line":502,"column":44}},"502":{"start":{"line":503,"column":0},"end":{"line":503,"column":50}},"503":{"start":{"line":504,"column":0},"end":{"line":504,"column":16}},"504":{"start":{"line":505,"column":0},"end":{"line":505,"column":23}},"505":{"start":{"line":506,"column":0},"end":{"line":506,"column":9}},"506":{"start":{"line":507,"column":0},"end":{"line":507,"column":5}},"507":{"start":{"line":508,"column":0},"end":{"line":508,"column":1}},"508":{"start":{"line":509,"column":0},"end":{"line":509,"column":0}},"509":{"start":{"line":510,"column":0},"end":{"line":510,"column":78}},"510":{"start":{"line":511,"column":0},"end":{"line":511,"column":20}},"511":{"start":{"line":512,"column":0},"end":{"line":512,"column":17}},"512":{"start":{"line":513,"column":0},"end":{"line":513,"column":1}},"513":{"start":{"line":514,"column":0},"end":{"line":514,"column":0}},"514":{"start":{"line":515,"column":0},"end":{"line":515,"column":81}},"515":{"start":{"line":516,"column":0},"end":{"line":516,"column":17}},"516":{"start":{"line":517,"column":0},"end":{"line":517,"column":20}},"517":{"start":{"line":518,"column":0},"end":{"line":518,"column":1}},"518":{"start":{"line":519,"column":0},"end":{"line":519,"column":0}},"519":{"start":{"line":520,"column":0},"end":{"line":520,"column":88}},"520":{"start":{"line":521,"column":0},"end":{"line":521,"column":18}},"521":{"start":{"line":522,"column":0},"end":{"line":522,"column":34}},"522":{"start":{"line":523,"column":0},"end":{"line":523,"column":44}},"523":{"start":{"line":524,"column":0},"end":{"line":524,"column":23}},"524":{"start":{"line":525,"column":0},"end":{"line":525,"column":9}},"525":{"start":{"line":526,"column":0},"end":{"line":526,"column":0}},"526":{"start":{"line":527,"column":0},"end":{"line":527,"column":16}},"527":{"start":{"line":528,"column":0},"end":{"line":528,"column":5}},"528":{"start":{"line":529,"column":0},"end":{"line":529,"column":1}},"529":{"start":{"line":530,"column":0},"end":{"line":530,"column":0}},"530":{"start":{"line":531,"column":0},"end":{"line":531,"column":87}},"531":{"start":{"line":532,"column":0},"end":{"line":532,"column":25}},"532":{"start":{"line":533,"column":0},"end":{"line":533,"column":29}},"533":{"start":{"line":534,"column":0},"end":{"line":534,"column":41}},"534":{"start":{"line":535,"column":0},"end":{"line":535,"column":39}},"535":{"start":{"line":536,"column":0},"end":{"line":536,"column":33}},"536":{"start":{"line":537,"column":0},"end":{"line":537,"column":23}},"537":{"start":{"line":538,"column":0},"end":{"line":538,"column":9}},"538":{"start":{"line":539,"column":0},"end":{"line":539,"column":14}},"539":{"start":{"line":540,"column":0},"end":{"line":540,"column":30}},"540":{"start":{"line":541,"column":0},"end":{"line":541,"column":9}},"541":{"start":{"line":542,"column":0},"end":{"line":542,"column":5}},"542":{"start":{"line":543,"column":0},"end":{"line":543,"column":0}},"543":{"start":{"line":544,"column":0},"end":{"line":544,"column":24}},"544":{"start":{"line":545,"column":0},"end":{"line":545,"column":64}},"545":{"start":{"line":546,"column":0},"end":{"line":546,"column":5}},"546":{"start":{"line":547,"column":0},"end":{"line":547,"column":1}},"547":{"start":{"line":548,"column":0},"end":{"line":548,"column":0}},"548":{"start":{"line":549,"column":0},"end":{"line":549,"column":106}},"549":{"start":{"line":550,"column":0},"end":{"line":550,"column":54}},"550":{"start":{"line":551,"column":0},"end":{"line":551,"column":0}},"551":{"start":{"line":552,"column":0},"end":{"line":552,"column":31}},"552":{"start":{"line":553,"column":0},"end":{"line":553,"column":19}},"553":{"start":{"line":554,"column":0},"end":{"line":554,"column":5}},"554":{"start":{"line":555,"column":0},"end":{"line":555,"column":1}},"555":{"start":{"line":556,"column":0},"end":{"line":556,"column":0}},"556":{"start":{"line":557,"column":0},"end":{"line":557,"column":116}},"557":{"start":{"line":558,"column":0},"end":{"line":558,"column":18}},"558":{"start":{"line":559,"column":0},"end":{"line":559,"column":34}},"559":{"start":{"line":560,"column":0},"end":{"line":560,"column":28}},"560":{"start":{"line":561,"column":0},"end":{"line":561,"column":23}},"561":{"start":{"line":562,"column":0},"end":{"line":562,"column":10}},"562":{"start":{"line":563,"column":0},"end":{"line":563,"column":8}},"563":{"start":{"line":564,"column":0},"end":{"line":564,"column":30}},"564":{"start":{"line":565,"column":0},"end":{"line":565,"column":25}},"565":{"start":{"line":566,"column":0},"end":{"line":566,"column":9}},"566":{"start":{"line":567,"column":0},"end":{"line":567,"column":0}},"567":{"start":{"line":568,"column":0},"end":{"line":568,"column":43}},"568":{"start":{"line":569,"column":0},"end":{"line":569,"column":23}},"569":{"start":{"line":570,"column":0},"end":{"line":570,"column":9}},"570":{"start":{"line":571,"column":0},"end":{"line":571,"column":0}},"571":{"start":{"line":572,"column":0},"end":{"line":572,"column":16}},"572":{"start":{"line":573,"column":0},"end":{"line":573,"column":5}},"573":{"start":{"line":574,"column":0},"end":{"line":574,"column":0}},"574":{"start":{"line":575,"column":0},"end":{"line":575,"column":1}},"575":{"start":{"line":576,"column":0},"end":{"line":576,"column":0}},"576":{"start":{"line":577,"column":0},"end":{"line":577,"column":66}},"577":{"start":{"line":578,"column":0},"end":{"line":578,"column":65}},"578":{"start":{"line":579,"column":0},"end":{"line":579,"column":1}}},"s":{"0":1,"1":1,"2":1,"3":1,"4":1,"5":1,"6":1,"7":1,"8":1,"9":1,"10":1,"11":1,"12":428,"13":428,"14":1,"15":1,"16":25,"17":25,"18":84,"19":84,"20":25,"21":25,"22":25,"23":1,"24":1,"25":9,"26":9,"27":1,"28":1,"29":43,"30":43,"31":1,"32":1,"33":10,"34":10,"35":1,"36":1,"37":15,"38":15,"39":1,"40":1,"41":5,"42":5,"43":5,"44":10,"45":10,"46":5,"47":5,"48":5,"49":1,"50":1,"51":5,"52":5,"53":5,"54":10,"55":10,"56":5,"57":5,"58":5,"59":1,"60":1,"61":7,"62":16,"63":5,"64":5,"65":16,"66":2,"67":2,"68":2,"69":1,"70":1,"71":1,"72":1,"73":6,"74":6,"75":6,"76":6,"77":1,"78":1,"79":1,"80":1,"81":6,"82":6,"83":6,"84":6,"85":1,"86":1,"87":1,"88":1,"89":6,"90":6,"91":6,"92":6,"93":1,"94":1,"95":1,"96":1,"97":6,"98":6,"99":6,"100":6,"101":1,"102":1,"103":1,"104":1,"105":9,"106":2,"107":2,"108":2,"109":1,"110":1,"111":1,"112":1,"113":1,"114":2,"115":9,"116":9,"117":9,"118":26,"119":9,"120":9,"121":9,"122":17,"123":26,"124":6,"125":6,"126":11,"127":11,"128":11,"129":3,"130":3,"131":3,"132":1,"133":1,"134":1,"135":1,"136":8,"137":2,"138":2,"139":2,"140":1,"141":1,"142":1,"143":1,"144":1,"145":2,"146":7,"147":7,"148":7,"149":8,"150":25,"151":4,"152":4,"153":4,"154":21,"155":25,"156":6,"157":6,"158":21,"159":21,"160":21,"161":7,"162":7,"163":7,"164":1,"165":1,"166":3,"167":3,"168":1,"169":1,"170":3,"171":3,"172":1,"173":1,"174":4,"175":4,"176":1,"177":1,"178":7,"179":7,"180":1,"181":1,"182":8,"183":8,"184":1,"185":1,"186":1,"187":1,"188":3,"189":3,"190":1,"191":1,"192":8,"193":2,"194":2,"195":2,"196":1,"197":1,"198":1,"199":1,"200":1,"201":2,"202":8,"203":8,"204":8,"205":1,"206":1,"207":1,"208":1,"209":7,"210":7,"211":1,"212":1,"213":4,"214":4,"215":1,"216":1,"217":4,"218":4,"219":1,"220":1,"221":1,"222":1,"223":1,"224":9,"225":4,"226":4,"227":4,"228":4,"229":2,"230":1,"231":1,"232":1,"233":1,"234":1,"235":2,"236":4,"237":2,"238":1,"239":1,"240":1,"241":1,"242":1,"243":2,"244":4,"245":9,"246":9,"247":1,"248":1,"249":8,"250":8,"251":8,"252":1,"253":1,"254":6,"255":3,"256":3,"257":3,"258":3,"259":3,"260":1,"261":1,"262":3,"263":5,"264":5,"265":5,"266":1,"267":1,"268":4,"269":7,"270":2,"271":2,"272":7,"273":2,"274":2,"275":2,"276":1,"277":1,"278":4,"279":7,"280":2,"281":2,"282":7,"283":2,"284":2,"285":2,"286":1,"287":1,"288":11,"289":3,"290":3,"291":3,"292":1,"293":1,"294":2,"295":2,"296":2,"297":3,"298":11,"299":11,"300":11,"301":27,"302":9,"303":9,"304":18,"305":27,"306":6,"307":6,"308":27,"309":5,"310":5,"311":5,"312":1,"313":1,"314":7,"315":7,"316":7,"317":21,"318":21,"319":21,"320":3,"321":3,"322":21,"323":7,"324":7,"325":1,"326":1,"327":6,"328":6,"329":6,"330":1,"331":1,"332":2,"333":2,"334":1,"335":1,"336":1,"337":1,"338":1,"339":1,"340":4,"341":4,"342":10,"343":10,"344":4,"345":1,"346":1,"347":3,"348":3,"349":3,"350":3,"351":1,"352":1,"353":1,"354":1,"355":205,"356":205,"357":1,"358":1,"359":2,"360":2,"361":1,"362":1,"363":4,"364":4,"365":1,"366":1,"367":1,"368":1,"369":1,"370":1,"371":12,"372":12,"373":26,"374":10,"375":10,"376":16,"377":16,"378":16,"379":2,"380":2,"381":2,"382":1,"383":1,"384":12,"385":12,"386":12,"387":12,"388":37,"389":16,"390":16,"391":16,"392":37,"393":37,"394":37,"395":12,"396":12,"397":12,"398":1,"399":1,"400":428,"401":428,"402":1,"403":1,"404":282,"405":282,"406":282,"407":277,"408":875,"409":843,"410":245,"411":5,"412":5,"413":15,"414":15,"415":5,"416":282,"417":1,"418":1,"419":1,"420":1,"421":1,"422":10,"423":10,"424":1,"425":1,"426":1,"427":1,"428":1,"429":1,"430":1,"431":1,"432":1,"433":1,"434":10,"435":10,"436":10,"437":30,"438":15,"439":15,"440":15,"441":15,"442":30,"443":30,"444":30,"445":10,"446":1,"447":48,"448":48,"449":48,"450":133,"451":120,"452":35,"453":1,"454":12,"455":12,"456":12,"457":12,"458":40,"459":40,"460":40,"461":37,"462":40,"463":3,"464":3,"465":40,"466":12,"467":1,"468":17,"469":17,"470":17,"471":79,"472":34,"473":31,"474":79,"475":14,"476":1,"477":8,"478":8,"479":8,"480":12,"481":10,"482":12,"483":2,"484":2,"485":12,"486":8,"487":1,"488":9,"489":9,"490":9,"491":9,"492":22,"493":22,"494":9,"495":1,"496":1,"497":1,"498":66,"499":66,"500":66,"501":149,"502":21,"503":149,"504":128,"505":128,"506":149,"507":66,"508":1,"509":4,"510":4,"511":4,"512":4,"513":1,"514":4,"515":4,"516":4,"517":4,"518":1,"519":8,"520":8,"521":8,"522":48,"523":26,"524":26,"525":48,"526":48,"527":48,"528":8,"529":1,"530":5,"531":5,"532":5,"533":5,"534":15,"535":4,"536":4,"537":4,"538":11,"539":11,"540":11,"541":15,"542":5,"543":5,"544":1,"545":1,"546":5,"547":1,"548":4,"549":4,"550":4,"551":4,"552":13,"553":13,"554":4,"555":1,"556":8,"557":8,"558":8,"559":40,"560":15,"561":15,"562":40,"563":40,"564":8,"565":8,"566":40,"567":40,"568":14,"569":14,"570":40,"571":40,"572":40,"573":8,"574":8,"575":1,"576":483,"577":483,"578":483},"branchMap":{"0":{"type":"branch","line":10,"loc":{"start":{"line":10,"column":12},"end":{"line":10,"column":71}},"locations":[{"start":{"line":10,"column":12},"end":{"line":10,"column":71}}]},"1":{"type":"branch","line":12,"loc":{"start":{"line":12,"column":4},"end":{"line":14,"column":5}},"locations":[{"start":{"line":12,"column":4},"end":{"line":14,"column":5}}]},"2":{"type":"branch","line":16,"loc":{"start":{"line":16,"column":4},"end":{"line":23,"column":5}},"locations":[{"start":{"line":16,"column":4},"end":{"line":23,"column":5}}]},"3":{"type":"branch","line":18,"loc":{"start":{"line":18,"column":30},"end":{"line":20,"column":9}},"locations":[{"start":{"line":18,"column":30},"end":{"line":20,"column":9}}]},"4":{"type":"branch","line":25,"loc":{"start":{"line":25,"column":4},"end":{"line":27,"column":5}},"locations":[{"start":{"line":25,"column":4},"end":{"line":27,"column":5}}]},"5":{"type":"branch","line":26,"loc":{"start":{"line":26,"column":35},"end":{"line":26,"column":79}},"locations":[{"start":{"line":26,"column":35},"end":{"line":26,"column":79}}]},"6":{"type":"branch","line":29,"loc":{"start":{"line":29,"column":4},"end":{"line":31,"column":5}},"locations":[{"start":{"line":29,"column":4},"end":{"line":31,"column":5}}]},"7":{"type":"branch","line":30,"loc":{"start":{"line":30,"column":37},"end":{"line":30,"column":78}},"locations":[{"start":{"line":30,"column":37},"end":{"line":30,"column":78}}]},"8":{"type":"branch","line":33,"loc":{"start":{"line":33,"column":4},"end":{"line":35,"column":5}},"locations":[{"start":{"line":33,"column":4},"end":{"line":35,"column":5}}]},"9":{"type":"branch","line":34,"loc":{"start":{"line":34,"column":37},"end":{"line":34,"column":82}},"locations":[{"start":{"line":34,"column":37},"end":{"line":34,"column":82}}]},"10":{"type":"branch","line":37,"loc":{"start":{"line":37,"column":4},"end":{"line":39,"column":5}},"locations":[{"start":{"line":37,"column":4},"end":{"line":39,"column":5}}]},"11":{"type":"branch","line":38,"loc":{"start":{"line":38,"column":35},"end":{"line":38,"column":82}},"locations":[{"start":{"line":38,"column":35},"end":{"line":38,"column":82}}]},"12":{"type":"branch","line":41,"loc":{"start":{"line":41,"column":4},"end":{"line":49,"column":5}},"locations":[{"start":{"line":41,"column":4},"end":{"line":49,"column":5}}]},"13":{"type":"branch","line":44,"loc":{"start":{"line":44,"column":33},"end":{"line":46,"column":9}},"locations":[{"start":{"line":44,"column":33},"end":{"line":46,"column":9}}]},"14":{"type":"branch","line":51,"loc":{"start":{"line":51,"column":4},"end":{"line":59,"column":5}},"locations":[{"start":{"line":51,"column":4},"end":{"line":59,"column":5}}]},"15":{"type":"branch","line":54,"loc":{"start":{"line":54,"column":46},"end":{"line":56,"column":9}},"locations":[{"start":{"line":54,"column":46},"end":{"line":56,"column":9}}]},"16":{"type":"branch","line":61,"loc":{"start":{"line":61,"column":4},"end":{"line":69,"column":5}},"locations":[{"start":{"line":61,"column":4},"end":{"line":69,"column":5}}]},"17":{"type":"branch","line":62,"loc":{"start":{"line":62,"column":33},"end":{"line":66,"column":9}},"locations":[{"start":{"line":62,"column":33},"end":{"line":66,"column":9}}]},"18":{"type":"branch","line":63,"loc":{"start":{"line":63,"column":31},"end":{"line":65,"column":13}},"locations":[{"start":{"line":63,"column":31},"end":{"line":65,"column":13}}]},"19":{"type":"branch","line":66,"loc":{"start":{"line":66,"column":8},"end":{"line":69,"column":5}},"locations":[{"start":{"line":66,"column":8},"end":{"line":69,"column":5}}]},"20":{"type":"branch","line":73,"loc":{"start":{"line":73,"column":4},"end":{"line":77,"column":5}},"locations":[{"start":{"line":73,"column":4},"end":{"line":77,"column":5}}]},"21":{"type":"branch","line":81,"loc":{"start":{"line":81,"column":4},"end":{"line":85,"column":5}},"locations":[{"start":{"line":81,"column":4},"end":{"line":85,"column":5}}]},"22":{"type":"branch","line":89,"loc":{"start":{"line":89,"column":4},"end":{"line":93,"column":5}},"locations":[{"start":{"line":89,"column":4},"end":{"line":93,"column":5}}]},"23":{"type":"branch","line":97,"loc":{"start":{"line":97,"column":4},"end":{"line":101,"column":5}},"locations":[{"start":{"line":97,"column":4},"end":{"line":101,"column":5}}]},"24":{"type":"branch","line":105,"loc":{"start":{"line":105,"column":4},"end":{"line":132,"column":5}},"locations":[{"start":{"line":105,"column":4},"end":{"line":132,"column":5}}]},"25":{"type":"branch","line":106,"loc":{"start":{"line":106,"column":21},"end":{"line":106,"column":38}},"locations":[{"start":{"line":106,"column":21},"end":{"line":106,"column":38}}]},"26":{"type":"branch","line":106,"loc":{"start":{"line":106,"column":40},"end":{"line":115,"column":9}},"locations":[{"start":{"line":106,"column":40},"end":{"line":115,"column":9}}]},"27":{"type":"branch","line":109,"loc":{"start":{"line":109,"column":37},"end":{"line":114,"column":13}},"locations":[{"start":{"line":109,"column":37},"end":{"line":114,"column":13}}]},"28":{"type":"branch","line":118,"loc":{"start":{"line":118,"column":33},"end":{"line":129,"column":9}},"locations":[{"start":{"line":118,"column":33},"end":{"line":129,"column":9}}]},"29":{"type":"branch","line":119,"loc":{"start":{"line":119,"column":25},"end":{"line":119,"column":46}},"locations":[{"start":{"line":119,"column":25},"end":{"line":119,"column":46}}]},"30":{"type":"branch","line":119,"loc":{"start":{"line":119,"column":48},"end":{"line":122,"column":13}},"locations":[{"start":{"line":119,"column":48},"end":{"line":122,"column":13}}]},"31":{"type":"branch","line":122,"loc":{"start":{"line":122,"column":12},"end":{"line":124,"column":31}},"locations":[{"start":{"line":122,"column":12},"end":{"line":124,"column":31}}]},"32":{"type":"branch","line":124,"loc":{"start":{"line":124,"column":27},"end":{"line":124,"column":49}},"locations":[{"start":{"line":124,"column":27},"end":{"line":124,"column":49}}]},"33":{"type":"branch","line":124,"loc":{"start":{"line":124,"column":49},"end":{"line":124,"column":76}},"locations":[{"start":{"line":124,"column":49},"end":{"line":124,"column":76}}]},"34":{"type":"branch","line":124,"loc":{"start":{"line":124,"column":78},"end":{"line":126,"column":13}},"locations":[{"start":{"line":124,"column":78},"end":{"line":126,"column":13}}]},"35":{"type":"branch","line":126,"loc":{"start":{"line":126,"column":12},"end":{"line":129,"column":9}},"locations":[{"start":{"line":126,"column":12},"end":{"line":129,"column":9}}]},"36":{"type":"branch","line":129,"loc":{"start":{"line":129,"column":8},"end":{"line":132,"column":5}},"locations":[{"start":{"line":129,"column":8},"end":{"line":132,"column":5}}]},"37":{"type":"branch","line":136,"loc":{"start":{"line":136,"column":4},"end":{"line":164,"column":5}},"locations":[{"start":{"line":136,"column":4},"end":{"line":164,"column":5}}]},"38":{"type":"branch","line":137,"loc":{"start":{"line":137,"column":21},"end":{"line":137,"column":38}},"locations":[{"start":{"line":137,"column":21},"end":{"line":137,"column":38}}]},"39":{"type":"branch","line":137,"loc":{"start":{"line":137,"column":40},"end":{"line":146,"column":9}},"locations":[{"start":{"line":137,"column":40},"end":{"line":146,"column":9}}]},"40":{"type":"branch","line":140,"loc":{"start":{"line":140,"column":37},"end":{"line":145,"column":13}},"locations":[{"start":{"line":140,"column":37},"end":{"line":145,"column":13}}]},"41":{"type":"branch","line":146,"loc":{"start":{"line":146,"column":8},"end":{"line":150,"column":33}},"locations":[{"start":{"line":146,"column":8},"end":{"line":150,"column":33}}]},"42":{"type":"branch","line":150,"loc":{"start":{"line":150,"column":33},"end":{"line":161,"column":9}},"locations":[{"start":{"line":150,"column":33},"end":{"line":161,"column":9}}]},"43":{"type":"branch","line":151,"loc":{"start":{"line":151,"column":25},"end":{"line":151,"column":46}},"locations":[{"start":{"line":151,"column":25},"end":{"line":151,"column":46}}]},"44":{"type":"branch","line":151,"loc":{"start":{"line":151,"column":48},"end":{"line":154,"column":13}},"locations":[{"start":{"line":151,"column":48},"end":{"line":154,"column":13}}]},"45":{"type":"branch","line":154,"loc":{"start":{"line":154,"column":12},"end":{"line":156,"column":40}},"locations":[{"start":{"line":154,"column":12},"end":{"line":156,"column":40}}]},"46":{"type":"branch","line":156,"loc":{"start":{"line":156,"column":40},"end":{"line":158,"column":13}},"locations":[{"start":{"line":156,"column":40},"end":{"line":158,"column":13}}]},"47":{"type":"branch","line":158,"loc":{"start":{"line":158,"column":12},"end":{"line":161,"column":9}},"locations":[{"start":{"line":158,"column":12},"end":{"line":161,"column":9}}]},"48":{"type":"branch","line":161,"loc":{"start":{"line":161,"column":8},"end":{"line":164,"column":5}},"locations":[{"start":{"line":161,"column":8},"end":{"line":164,"column":5}}]},"49":{"type":"branch","line":166,"loc":{"start":{"line":166,"column":4},"end":{"line":168,"column":5}},"locations":[{"start":{"line":166,"column":4},"end":{"line":168,"column":5}}]},"50":{"type":"branch","line":167,"loc":{"start":{"line":167,"column":41},"end":{"line":167,"column":86}},"locations":[{"start":{"line":167,"column":41},"end":{"line":167,"column":86}}]},"51":{"type":"branch","line":170,"loc":{"start":{"line":170,"column":4},"end":{"line":172,"column":5}},"locations":[{"start":{"line":170,"column":4},"end":{"line":172,"column":5}}]},"52":{"type":"branch","line":171,"loc":{"start":{"line":171,"column":24},"end":{"line":171,"column":51}},"locations":[{"start":{"line":171,"column":24},"end":{"line":171,"column":51}}]},"53":{"type":"branch","line":174,"loc":{"start":{"line":174,"column":4},"end":{"line":176,"column":5}},"locations":[{"start":{"line":174,"column":4},"end":{"line":176,"column":5}}]},"54":{"type":"branch","line":178,"loc":{"start":{"line":178,"column":4},"end":{"line":180,"column":5}},"locations":[{"start":{"line":178,"column":4},"end":{"line":180,"column":5}}]},"55":{"type":"branch","line":179,"loc":{"start":{"line":179,"column":35},"end":{"line":179,"column":70}},"locations":[{"start":{"line":179,"column":35},"end":{"line":179,"column":70}}]},"56":{"type":"branch","line":182,"loc":{"start":{"line":182,"column":4},"end":{"line":184,"column":5}},"locations":[{"start":{"line":182,"column":4},"end":{"line":184,"column":5}}]},"57":{"type":"branch","line":183,"loc":{"start":{"line":183,"column":35},"end":{"line":183,"column":64}},"locations":[{"start":{"line":183,"column":35},"end":{"line":183,"column":64}}]},"58":{"type":"branch","line":188,"loc":{"start":{"line":188,"column":4},"end":{"line":190,"column":5}},"locations":[{"start":{"line":188,"column":4},"end":{"line":190,"column":5}}]},"59":{"type":"branch","line":189,"loc":{"start":{"line":189,"column":35},"end":{"line":189,"column":73}},"locations":[{"start":{"line":189,"column":35},"end":{"line":189,"column":73}}]},"60":{"type":"branch","line":192,"loc":{"start":{"line":192,"column":4},"end":{"line":205,"column":5}},"locations":[{"start":{"line":192,"column":4},"end":{"line":205,"column":5}}]},"61":{"type":"branch","line":193,"loc":{"start":{"line":193,"column":23},"end":{"line":202,"column":9}},"locations":[{"start":{"line":193,"column":23},"end":{"line":202,"column":9}}]},"62":{"type":"branch","line":196,"loc":{"start":{"line":196,"column":33},"end":{"line":201,"column":13}},"locations":[{"start":{"line":196,"column":33},"end":{"line":201,"column":13}}]},"63":{"type":"branch","line":204,"loc":{"start":{"line":204,"column":35},"end":{"line":204,"column":92}},"locations":[{"start":{"line":204,"column":35},"end":{"line":204,"column":92}}]},"64":{"type":"branch","line":209,"loc":{"start":{"line":209,"column":4},"end":{"line":211,"column":5}},"locations":[{"start":{"line":209,"column":4},"end":{"line":211,"column":5}}]},"65":{"type":"branch","line":210,"loc":{"start":{"line":210,"column":35},"end":{"line":210,"column":67}},"locations":[{"start":{"line":210,"column":35},"end":{"line":210,"column":67}}]},"66":{"type":"branch","line":213,"loc":{"start":{"line":213,"column":4},"end":{"line":215,"column":5}},"locations":[{"start":{"line":213,"column":4},"end":{"line":215,"column":5}}]},"67":{"type":"branch","line":214,"loc":{"start":{"line":214,"column":35},"end":{"line":214,"column":70}},"locations":[{"start":{"line":214,"column":35},"end":{"line":214,"column":70}}]},"68":{"type":"branch","line":217,"loc":{"start":{"line":217,"column":4},"end":{"line":219,"column":5}},"locations":[{"start":{"line":217,"column":4},"end":{"line":219,"column":5}}]},"69":{"type":"branch","line":218,"loc":{"start":{"line":218,"column":35},"end":{"line":218,"column":73}},"locations":[{"start":{"line":218,"column":35},"end":{"line":218,"column":73}}]},"70":{"type":"branch","line":224,"loc":{"start":{"line":224,"column":4},"end":{"line":252,"column":5}},"locations":[{"start":{"line":224,"column":4},"end":{"line":252,"column":5}}]},"71":{"type":"branch","line":225,"loc":{"start":{"line":225,"column":21},"end":{"line":225,"column":32}},"locations":[{"start":{"line":225,"column":21},"end":{"line":225,"column":32}}]},"72":{"type":"branch","line":225,"loc":{"start":{"line":225,"column":34},"end":{"line":245,"column":9}},"locations":[{"start":{"line":225,"column":34},"end":{"line":245,"column":9}}]},"73":{"type":"branch","line":229,"loc":{"start":{"line":229,"column":21},"end":{"line":229,"column":34}},"locations":[{"start":{"line":229,"column":21},"end":{"line":229,"column":34}}]},"74":{"type":"branch","line":229,"loc":{"start":{"line":229,"column":36},"end":{"line":236,"column":13}},"locations":[{"start":{"line":229,"column":36},"end":{"line":236,"column":13}}]},"75":{"type":"branch","line":230,"loc":{"start":{"line":230,"column":37},"end":{"line":235,"column":17}},"locations":[{"start":{"line":230,"column":37},"end":{"line":235,"column":17}}]},"76":{"type":"branch","line":237,"loc":{"start":{"line":237,"column":32},"end":{"line":244,"column":13}},"locations":[{"start":{"line":237,"column":32},"end":{"line":244,"column":13}}]},"77":{"type":"branch","line":238,"loc":{"start":{"line":238,"column":35},"end":{"line":243,"column":17}},"locations":[{"start":{"line":238,"column":35},"end":{"line":243,"column":17}}]},"78":{"type":"branch","line":247,"loc":{"start":{"line":247,"column":25},"end":{"line":249,"column":9}},"locations":[{"start":{"line":247,"column":25},"end":{"line":249,"column":9}}]},"79":{"type":"branch","line":249,"loc":{"start":{"line":249,"column":8},"end":{"line":252,"column":5}},"locations":[{"start":{"line":249,"column":8},"end":{"line":252,"column":5}}]},"80":{"type":"branch","line":251,"loc":{"start":{"line":251,"column":35},"end":{"line":251,"column":73}},"locations":[{"start":{"line":251,"column":35},"end":{"line":251,"column":73}}]},"81":{"type":"branch","line":254,"loc":{"start":{"line":254,"column":4},"end":{"line":266,"column":5}},"locations":[{"start":{"line":254,"column":4},"end":{"line":266,"column":5}}]},"82":{"type":"branch","line":255,"loc":{"start":{"line":255,"column":23},"end":{"line":263,"column":9}},"locations":[{"start":{"line":255,"column":23},"end":{"line":263,"column":9}}]},"83":{"type":"branch","line":260,"loc":{"start":{"line":260,"column":25},"end":{"line":260,"column":44}},"locations":[{"start":{"line":260,"column":25},"end":{"line":260,"column":44}}]},"84":{"type":"branch","line":260,"loc":{"start":{"line":260,"column":46},"end":{"line":262,"column":13}},"locations":[{"start":{"line":260,"column":46},"end":{"line":262,"column":13}}]},"85":{"type":"branch","line":263,"loc":{"start":{"line":263,"column":8},"end":{"line":266,"column":5}},"locations":[{"start":{"line":263,"column":8},"end":{"line":266,"column":5}}]},"86":{"type":"branch","line":265,"loc":{"start":{"line":265,"column":35},"end":{"line":265,"column":73}},"locations":[{"start":{"line":265,"column":35},"end":{"line":265,"column":73}}]},"87":{"type":"branch","line":268,"loc":{"start":{"line":268,"column":4},"end":{"line":276,"column":5}},"locations":[{"start":{"line":268,"column":4},"end":{"line":276,"column":5}}]},"88":{"type":"branch","line":269,"loc":{"start":{"line":269,"column":33},"end":{"line":273,"column":9}},"locations":[{"start":{"line":269,"column":33},"end":{"line":273,"column":9}}]},"89":{"type":"branch","line":270,"loc":{"start":{"line":270,"column":34},"end":{"line":272,"column":13}},"locations":[{"start":{"line":270,"column":34},"end":{"line":272,"column":13}}]},"90":{"type":"branch","line":273,"loc":{"start":{"line":273,"column":8},"end":{"line":276,"column":5}},"locations":[{"start":{"line":273,"column":8},"end":{"line":276,"column":5}}]},"91":{"type":"branch","line":278,"loc":{"start":{"line":278,"column":4},"end":{"line":286,"column":5}},"locations":[{"start":{"line":278,"column":4},"end":{"line":286,"column":5}}]},"92":{"type":"branch","line":279,"loc":{"start":{"line":279,"column":33},"end":{"line":283,"column":9}},"locations":[{"start":{"line":279,"column":33},"end":{"line":283,"column":9}}]},"93":{"type":"branch","line":280,"loc":{"start":{"line":280,"column":33},"end":{"line":282,"column":13}},"locations":[{"start":{"line":280,"column":33},"end":{"line":282,"column":13}}]},"94":{"type":"branch","line":283,"loc":{"start":{"line":283,"column":8},"end":{"line":286,"column":5}},"locations":[{"start":{"line":283,"column":8},"end":{"line":286,"column":5}}]},"95":{"type":"branch","line":288,"loc":{"start":{"line":288,"column":4},"end":{"line":312,"column":5}},"locations":[{"start":{"line":288,"column":4},"end":{"line":312,"column":5}}]},"96":{"type":"branch","line":289,"loc":{"start":{"line":289,"column":21},"end":{"line":289,"column":38}},"locations":[{"start":{"line":289,"column":21},"end":{"line":289,"column":38}}]},"97":{"type":"branch","line":289,"loc":{"start":{"line":289,"column":40},"end":{"line":298,"column":9}},"locations":[{"start":{"line":289,"column":40},"end":{"line":298,"column":9}}]},"98":{"type":"branch","line":292,"loc":{"start":{"line":292,"column":37},"end":{"line":294,"column":13}},"locations":[{"start":{"line":292,"column":37},"end":{"line":294,"column":13}}]},"99":{"type":"branch","line":295,"loc":{"start":{"line":295,"column":-2},"end":{"line":297,"column":13}},"locations":[{"start":{"line":295,"column":-2},"end":{"line":297,"column":13}}]},"100":{"type":"branch","line":301,"loc":{"start":{"line":301,"column":33},"end":{"line":309,"column":9}},"locations":[{"start":{"line":301,"column":33},"end":{"line":309,"column":9}}]},"101":{"type":"branch","line":302,"loc":{"start":{"line":302,"column":25},"end":{"line":302,"column":48}},"locations":[{"start":{"line":302,"column":25},"end":{"line":302,"column":48}}]},"102":{"type":"branch","line":302,"loc":{"start":{"line":302,"column":50},"end":{"line":304,"column":13}},"locations":[{"start":{"line":302,"column":50},"end":{"line":304,"column":13}}]},"103":{"type":"branch","line":304,"loc":{"start":{"line":304,"column":12},"end":{"line":306,"column":40}},"locations":[{"start":{"line":304,"column":12},"end":{"line":306,"column":40}}]},"104":{"type":"branch","line":306,"loc":{"start":{"line":306,"column":40},"end":{"line":308,"column":13}},"locations":[{"start":{"line":306,"column":40},"end":{"line":308,"column":13}}]},"105":{"type":"branch","line":309,"loc":{"start":{"line":309,"column":8},"end":{"line":312,"column":5}},"locations":[{"start":{"line":309,"column":8},"end":{"line":312,"column":5}}]},"106":{"type":"branch","line":314,"loc":{"start":{"line":314,"column":4},"end":{"line":330,"column":5}},"locations":[{"start":{"line":314,"column":4},"end":{"line":330,"column":5}}]},"107":{"type":"branch","line":317,"loc":{"start":{"line":317,"column":47},"end":{"line":323,"column":9}},"locations":[{"start":{"line":317,"column":47},"end":{"line":323,"column":9}}]},"108":{"type":"branch","line":320,"loc":{"start":{"line":320,"column":45},"end":{"line":322,"column":13}},"locations":[{"start":{"line":320,"column":45},"end":{"line":322,"column":13}}]},"109":{"type":"branch","line":325,"loc":{"start":{"line":325,"column":62},"end":{"line":327,"column":9}},"locations":[{"start":{"line":325,"column":62},"end":{"line":327,"column":9}}]},"110":{"type":"branch","line":327,"loc":{"start":{"line":327,"column":8},"end":{"line":330,"column":5}},"locations":[{"start":{"line":327,"column":8},"end":{"line":330,"column":5}}]},"111":{"type":"branch","line":325,"loc":{"start":{"line":325,"column":24},"end":{"line":325,"column":59}},"locations":[{"start":{"line":325,"column":24},"end":{"line":325,"column":59}}]},"112":{"type":"branch","line":332,"loc":{"start":{"line":332,"column":4},"end":{"line":334,"column":5}},"locations":[{"start":{"line":332,"column":4},"end":{"line":334,"column":5}}]},"113":{"type":"branch","line":336,"loc":{"start":{"line":336,"column":4},"end":{"line":338,"column":5}},"locations":[{"start":{"line":336,"column":4},"end":{"line":338,"column":5}}]},"114":{"type":"branch","line":340,"loc":{"start":{"line":340,"column":4},"end":{"line":345,"column":5}},"locations":[{"start":{"line":340,"column":4},"end":{"line":345,"column":5}}]},"115":{"type":"branch","line":342,"loc":{"start":{"line":342,"column":33},"end":{"line":344,"column":9}},"locations":[{"start":{"line":342,"column":33},"end":{"line":344,"column":9}}]},"116":{"type":"branch","line":343,"loc":{"start":{"line":343,"column":19},"end":{"line":343,"column":65}},"locations":[{"start":{"line":343,"column":19},"end":{"line":343,"column":65}}]},"117":{"type":"branch","line":343,"loc":{"start":{"line":343,"column":65},"end":{"line":343,"column":97}},"locations":[{"start":{"line":343,"column":65},"end":{"line":343,"column":97}}]},"118":{"type":"branch","line":347,"loc":{"start":{"line":347,"column":4},"end":{"line":351,"column":5}},"locations":[{"start":{"line":347,"column":4},"end":{"line":351,"column":5}}]},"119":{"type":"branch","line":355,"loc":{"start":{"line":355,"column":11},"end":{"line":357,"column":5}},"locations":[{"start":{"line":355,"column":11},"end":{"line":357,"column":5}}]},"120":{"type":"branch","line":356,"loc":{"start":{"line":356,"column":28},"end":{"line":356,"column":73}},"locations":[{"start":{"line":356,"column":28},"end":{"line":356,"column":73}}]},"121":{"type":"branch","line":359,"loc":{"start":{"line":359,"column":11},"end":{"line":361,"column":5}},"locations":[{"start":{"line":359,"column":11},"end":{"line":361,"column":5}}]},"122":{"type":"branch","line":360,"loc":{"start":{"line":360,"column":28},"end":{"line":360,"column":56}},"locations":[{"start":{"line":360,"column":28},"end":{"line":360,"column":56}}]},"123":{"type":"branch","line":363,"loc":{"start":{"line":363,"column":11},"end":{"line":365,"column":5}},"locations":[{"start":{"line":363,"column":11},"end":{"line":365,"column":5}}]},"124":{"type":"branch","line":367,"loc":{"start":{"line":367,"column":11},"end":{"line":369,"column":5}},"locations":[{"start":{"line":367,"column":11},"end":{"line":369,"column":5}}]},"125":{"type":"branch","line":368,"loc":{"start":{"line":368,"column":28},"end":{"line":368,"column":50}},"locations":[{"start":{"line":368,"column":28},"end":{"line":368,"column":50}}]},"126":{"type":"branch","line":371,"loc":{"start":{"line":371,"column":12},"end":{"line":382,"column":5}},"locations":[{"start":{"line":371,"column":12},"end":{"line":382,"column":5}}]},"127":{"type":"branch","line":373,"loc":{"start":{"line":373,"column":33},"end":{"line":379,"column":9}},"locations":[{"start":{"line":373,"column":33},"end":{"line":379,"column":9}}]},"128":{"type":"branch","line":374,"loc":{"start":{"line":374,"column":23},"end":{"line":374,"column":68}},"locations":[{"start":{"line":374,"column":23},"end":{"line":374,"column":68}}]},"129":{"type":"branch","line":374,"loc":{"start":{"line":374,"column":68},"end":{"line":374,"column":99}},"locations":[{"start":{"line":374,"column":68},"end":{"line":374,"column":99}}]},"130":{"type":"branch","line":374,"loc":{"start":{"line":374,"column":101},"end":{"line":376,"column":13}},"locations":[{"start":{"line":374,"column":101},"end":{"line":376,"column":13}}]},"131":{"type":"branch","line":376,"loc":{"start":{"line":376,"column":12},"end":{"line":379,"column":9}},"locations":[{"start":{"line":376,"column":12},"end":{"line":379,"column":9}}]},"132":{"type":"branch","line":379,"loc":{"start":{"line":379,"column":8},"end":{"line":382,"column":5}},"locations":[{"start":{"line":379,"column":8},"end":{"line":382,"column":5}}]},"133":{"type":"branch","line":384,"loc":{"start":{"line":384,"column":12},"end":{"line":398,"column":5}},"locations":[{"start":{"line":384,"column":12},"end":{"line":398,"column":5}}]},"134":{"type":"branch","line":388,"loc":{"start":{"line":388,"column":33},"end":{"line":395,"column":9}},"locations":[{"start":{"line":388,"column":33},"end":{"line":395,"column":9}}]},"135":{"type":"branch","line":389,"loc":{"start":{"line":389,"column":23},"end":{"line":389,"column":68}},"locations":[{"start":{"line":389,"column":23},"end":{"line":389,"column":68}}]},"136":{"type":"branch","line":389,"loc":{"start":{"line":389,"column":68},"end":{"line":389,"column":99}},"locations":[{"start":{"line":389,"column":68},"end":{"line":389,"column":99}}]},"137":{"type":"branch","line":389,"loc":{"start":{"line":389,"column":101},"end":{"line":392,"column":13}},"locations":[{"start":{"line":389,"column":101},"end":{"line":392,"column":13}}]},"138":{"type":"branch","line":400,"loc":{"start":{"line":400,"column":12},"end":{"line":402,"column":5}},"locations":[{"start":{"line":400,"column":12},"end":{"line":402,"column":5}}]},"139":{"type":"branch","line":405,"loc":{"start":{"line":405,"column":0},"end":{"line":417,"column":1}},"locations":[{"start":{"line":405,"column":0},"end":{"line":417,"column":1}}]},"140":{"type":"branch","line":407,"loc":{"start":{"line":407,"column":27},"end":{"line":411,"column":5}},"locations":[{"start":{"line":407,"column":27},"end":{"line":411,"column":5}}]},"141":{"type":"branch","line":408,"loc":{"start":{"line":408,"column":53},"end":{"line":410,"column":9}},"locations":[{"start":{"line":408,"column":53},"end":{"line":410,"column":9}}]},"142":{"type":"branch","line":409,"loc":{"start":{"line":409,"column":24},"end":{"line":409,"column":96}},"locations":[{"start":{"line":409,"column":24},"end":{"line":409,"column":96}}]},"143":{"type":"branch","line":409,"loc":{"start":{"line":409,"column":34},"end":{"line":409,"column":72}},"locations":[{"start":{"line":409,"column":34},"end":{"line":409,"column":72}}]},"144":{"type":"branch","line":409,"loc":{"start":{"line":409,"column":72},"end":{"line":409,"column":96}},"locations":[{"start":{"line":409,"column":72},"end":{"line":409,"column":96}}]},"145":{"type":"branch","line":409,"loc":{"start":{"line":409,"column":96},"end":{"line":409,"column":103}},"locations":[{"start":{"line":409,"column":96},"end":{"line":409,"column":103}}]},"146":{"type":"branch","line":409,"loc":{"start":{"line":409,"column":103},"end":{"line":410,"column":9}},"locations":[{"start":{"line":409,"column":103},"end":{"line":410,"column":9}}]},"147":{"type":"branch","line":410,"loc":{"start":{"line":410,"column":8},"end":{"line":411,"column":5}},"locations":[{"start":{"line":410,"column":8},"end":{"line":411,"column":5}}]},"148":{"type":"branch","line":412,"loc":{"start":{"line":412,"column":-2},"end":{"line":416,"column":5}},"locations":[{"start":{"line":412,"column":-2},"end":{"line":416,"column":5}}]},"149":{"type":"branch","line":413,"loc":{"start":{"line":413,"column":47},"end":{"line":415,"column":9}},"locations":[{"start":{"line":413,"column":47},"end":{"line":415,"column":9}}]},"150":{"type":"branch","line":414,"loc":{"start":{"line":414,"column":24},"end":{"line":414,"column":104}},"locations":[{"start":{"line":414,"column":24},"end":{"line":414,"column":104}}]},"151":{"type":"branch","line":414,"loc":{"start":{"line":414,"column":34},"end":{"line":414,"column":76}},"locations":[{"start":{"line":414,"column":34},"end":{"line":414,"column":76}}]},"152":{"type":"branch","line":414,"loc":{"start":{"line":414,"column":76},"end":{"line":414,"column":104}},"locations":[{"start":{"line":414,"column":76},"end":{"line":414,"column":104}}]},"153":{"type":"branch","line":414,"loc":{"start":{"line":414,"column":104},"end":{"line":414,"column":115}},"locations":[{"start":{"line":414,"column":104},"end":{"line":414,"column":115}}]},"154":{"type":"branch","line":419,"loc":{"start":{"line":419,"column":0},"end":{"line":420,"column":25}},"locations":[{"start":{"line":419,"column":0},"end":{"line":420,"column":25}}]},"155":{"type":"branch","line":423,"loc":{"start":{"line":423,"column":0},"end":{"line":446,"column":1}},"locations":[{"start":{"line":423,"column":0},"end":{"line":446,"column":1}}]},"156":{"type":"branch","line":424,"loc":{"start":{"line":424,"column":14},"end":{"line":424,"column":27}},"locations":[{"start":{"line":424,"column":14},"end":{"line":424,"column":27}}]},"157":{"type":"branch","line":424,"loc":{"start":{"line":424,"column":27},"end":{"line":424,"column":36}},"locations":[{"start":{"line":424,"column":27},"end":{"line":424,"column":36}}]},"158":{"type":"branch","line":424,"loc":{"start":{"line":424,"column":36},"end":{"line":424,"column":48}},"locations":[{"start":{"line":424,"column":36},"end":{"line":424,"column":48}}]},"159":{"type":"branch","line":424,"loc":{"start":{"line":424,"column":50},"end":{"line":434,"column":5}},"locations":[{"start":{"line":424,"column":50},"end":{"line":434,"column":5}}]},"160":{"type":"branch","line":437,"loc":{"start":{"line":437,"column":33},"end":{"line":445,"column":5}},"locations":[{"start":{"line":437,"column":33},"end":{"line":445,"column":5}}]},"161":{"type":"branch","line":438,"loc":{"start":{"line":438,"column":19},"end":{"line":438,"column":37}},"locations":[{"start":{"line":438,"column":19},"end":{"line":438,"column":37}}]},"162":{"type":"branch","line":438,"loc":{"start":{"line":438,"column":37},"end":{"line":438,"column":63}},"locations":[{"start":{"line":438,"column":37},"end":{"line":438,"column":63}}]},"163":{"type":"branch","line":438,"loc":{"start":{"line":438,"column":47},"end":{"line":438,"column":62}},"locations":[{"start":{"line":438,"column":47},"end":{"line":438,"column":62}}]},"164":{"type":"branch","line":438,"loc":{"start":{"line":438,"column":65},"end":{"line":442,"column":9}},"locations":[{"start":{"line":438,"column":65},"end":{"line":442,"column":9}}]},"165":{"type":"branch","line":448,"loc":{"start":{"line":448,"column":0},"end":{"line":453,"column":1}},"locations":[{"start":{"line":448,"column":0},"end":{"line":453,"column":1}}]},"166":{"type":"branch","line":450,"loc":{"start":{"line":450,"column":33},"end":{"line":452,"column":5}},"locations":[{"start":{"line":450,"column":33},"end":{"line":452,"column":5}}]},"167":{"type":"branch","line":451,"loc":{"start":{"line":451,"column":21},"end":{"line":451,"column":69}},"locations":[{"start":{"line":451,"column":21},"end":{"line":451,"column":69}}]},"168":{"type":"branch","line":451,"loc":{"start":{"line":451,"column":69},"end":{"line":451,"column":103}},"locations":[{"start":{"line":451,"column":69},"end":{"line":451,"column":103}}]},"169":{"type":"branch","line":451,"loc":{"start":{"line":451,"column":103},"end":{"line":452,"column":5}},"locations":[{"start":{"line":451,"column":103},"end":{"line":452,"column":5}}]},"170":{"type":"branch","line":452,"loc":{"start":{"line":452,"column":4},"end":{"line":453,"column":1}},"locations":[{"start":{"line":452,"column":4},"end":{"line":453,"column":1}}]},"171":{"type":"branch","line":455,"loc":{"start":{"line":455,"column":0},"end":{"line":467,"column":1}},"locations":[{"start":{"line":455,"column":0},"end":{"line":467,"column":1}}]},"172":{"type":"branch","line":458,"loc":{"start":{"line":458,"column":33},"end":{"line":466,"column":5}},"locations":[{"start":{"line":458,"column":33},"end":{"line":466,"column":5}}]},"173":{"type":"branch","line":459,"loc":{"start":{"line":459,"column":30},"end":{"line":459,"column":78}},"locations":[{"start":{"line":459,"column":30},"end":{"line":459,"column":78}}]},"174":{"type":"branch","line":459,"loc":{"start":{"line":459,"column":78},"end":{"line":459,"column":112}},"locations":[{"start":{"line":459,"column":78},"end":{"line":459,"column":112}}]},"175":{"type":"branch","line":461,"loc":{"start":{"line":461,"column":30},"end":{"line":461,"column":43}},"locations":[{"start":{"line":461,"column":30},"end":{"line":461,"column":43}}]},"176":{"type":"branch","line":461,"loc":{"start":{"line":461,"column":45},"end":{"line":463,"column":9}},"locations":[{"start":{"line":461,"column":45},"end":{"line":463,"column":9}}]},"177":{"type":"branch","line":463,"loc":{"start":{"line":463,"column":9},"end":{"line":465,"column":9}},"locations":[{"start":{"line":463,"column":9},"end":{"line":465,"column":9}}]},"178":{"type":"branch","line":469,"loc":{"start":{"line":469,"column":0},"end":{"line":476,"column":1}},"locations":[{"start":{"line":469,"column":0},"end":{"line":476,"column":1}}]},"179":{"type":"branch","line":471,"loc":{"start":{"line":471,"column":33},"end":{"line":475,"column":5}},"locations":[{"start":{"line":471,"column":33},"end":{"line":475,"column":5}}]},"180":{"type":"branch","line":472,"loc":{"start":{"line":472,"column":19},"end":{"line":472,"column":70}},"locations":[{"start":{"line":472,"column":19},"end":{"line":472,"column":70}}]},"181":{"type":"branch","line":472,"loc":{"start":{"line":472,"column":70},"end":{"line":472,"column":107}},"locations":[{"start":{"line":472,"column":70},"end":{"line":472,"column":107}}]},"182":{"type":"branch","line":472,"loc":{"start":{"line":472,"column":109},"end":{"line":474,"column":9}},"locations":[{"start":{"line":472,"column":109},"end":{"line":474,"column":9}}]},"183":{"type":"branch","line":473,"loc":{"start":{"line":473,"column":22},"end":{"line":474,"column":9}},"locations":[{"start":{"line":473,"column":22},"end":{"line":474,"column":9}}]},"184":{"type":"branch","line":475,"loc":{"start":{"line":475,"column":4},"end":{"line":476,"column":1}},"locations":[{"start":{"line":475,"column":4},"end":{"line":476,"column":1}}]},"185":{"type":"branch","line":478,"loc":{"start":{"line":478,"column":0},"end":{"line":487,"column":1}},"locations":[{"start":{"line":478,"column":0},"end":{"line":487,"column":1}}]},"186":{"type":"branch","line":480,"loc":{"start":{"line":480,"column":32},"end":{"line":486,"column":5}},"locations":[{"start":{"line":480,"column":32},"end":{"line":486,"column":5}}]},"187":{"type":"branch","line":481,"loc":{"start":{"line":481,"column":31},"end":{"line":483,"column":9}},"locations":[{"start":{"line":481,"column":31},"end":{"line":483,"column":9}}]},"188":{"type":"branch","line":483,"loc":{"start":{"line":483,"column":9},"end":{"line":485,"column":9}},"locations":[{"start":{"line":483,"column":9},"end":{"line":485,"column":9}}]},"189":{"type":"branch","line":489,"loc":{"start":{"line":489,"column":0},"end":{"line":495,"column":1}},"locations":[{"start":{"line":489,"column":0},"end":{"line":495,"column":1}}]},"190":{"type":"branch","line":492,"loc":{"start":{"line":492,"column":48},"end":{"line":494,"column":5}},"locations":[{"start":{"line":492,"column":48},"end":{"line":494,"column":5}}]},"191":{"type":"branch","line":499,"loc":{"start":{"line":499,"column":0},"end":{"line":508,"column":1}},"locations":[{"start":{"line":499,"column":0},"end":{"line":508,"column":1}}]},"192":{"type":"branch","line":501,"loc":{"start":{"line":501,"column":33},"end":{"line":507,"column":5}},"locations":[{"start":{"line":501,"column":33},"end":{"line":507,"column":5}}]},"193":{"type":"branch","line":502,"loc":{"start":{"line":502,"column":28},"end":{"line":502,"column":41}},"locations":[{"start":{"line":502,"column":28},"end":{"line":502,"column":41}}]},"194":{"type":"branch","line":502,"loc":{"start":{"line":502,"column":43},"end":{"line":504,"column":9}},"locations":[{"start":{"line":502,"column":43},"end":{"line":504,"column":9}}]},"195":{"type":"branch","line":504,"loc":{"start":{"line":504,"column":9},"end":{"line":506,"column":9}},"locations":[{"start":{"line":504,"column":9},"end":{"line":506,"column":9}}]},"196":{"type":"branch","line":510,"loc":{"start":{"line":510,"column":0},"end":{"line":513,"column":1}},"locations":[{"start":{"line":510,"column":0},"end":{"line":513,"column":1}}]},"197":{"type":"branch","line":515,"loc":{"start":{"line":515,"column":0},"end":{"line":518,"column":1}},"locations":[{"start":{"line":515,"column":0},"end":{"line":518,"column":1}}]},"198":{"type":"branch","line":520,"loc":{"start":{"line":520,"column":0},"end":{"line":529,"column":1}},"locations":[{"start":{"line":520,"column":0},"end":{"line":529,"column":1}}]},"199":{"type":"branch","line":522,"loc":{"start":{"line":522,"column":33},"end":{"line":528,"column":5}},"locations":[{"start":{"line":522,"column":33},"end":{"line":528,"column":5}}]},"200":{"type":"branch","line":523,"loc":{"start":{"line":523,"column":26},"end":{"line":523,"column":41}},"locations":[{"start":{"line":523,"column":26},"end":{"line":523,"column":41}}]},"201":{"type":"branch","line":523,"loc":{"start":{"line":523,"column":43},"end":{"line":525,"column":9}},"locations":[{"start":{"line":523,"column":43},"end":{"line":525,"column":9}}]},"202":{"type":"branch","line":531,"loc":{"start":{"line":531,"column":0},"end":{"line":547,"column":1}},"locations":[{"start":{"line":531,"column":0},"end":{"line":547,"column":1}}]},"203":{"type":"branch","line":534,"loc":{"start":{"line":534,"column":40},"end":{"line":542,"column":5}},"locations":[{"start":{"line":534,"column":40},"end":{"line":542,"column":5}}]},"204":{"type":"branch","line":535,"loc":{"start":{"line":535,"column":38},"end":{"line":538,"column":9}},"locations":[{"start":{"line":535,"column":38},"end":{"line":538,"column":9}}]},"205":{"type":"branch","line":539,"loc":{"start":{"line":539,"column":-2},"end":{"line":541,"column":9}},"locations":[{"start":{"line":539,"column":-2},"end":{"line":541,"column":9}}]},"206":{"type":"branch","line":544,"loc":{"start":{"line":544,"column":23},"end":{"line":546,"column":5}},"locations":[{"start":{"line":544,"column":23},"end":{"line":546,"column":5}}]},"207":{"type":"branch","line":549,"loc":{"start":{"line":549,"column":0},"end":{"line":555,"column":1}},"locations":[{"start":{"line":549,"column":0},"end":{"line":555,"column":1}}]},"208":{"type":"branch","line":552,"loc":{"start":{"line":552,"column":30},"end":{"line":554,"column":5}},"locations":[{"start":{"line":552,"column":30},"end":{"line":554,"column":5}}]},"209":{"type":"branch","line":557,"loc":{"start":{"line":557,"column":0},"end":{"line":575,"column":1}},"locations":[{"start":{"line":557,"column":0},"end":{"line":575,"column":1}}]},"210":{"type":"branch","line":559,"loc":{"start":{"line":559,"column":33},"end":{"line":573,"column":5}},"locations":[{"start":{"line":559,"column":33},"end":{"line":573,"column":5}}]},"211":{"type":"branch","line":560,"loc":{"start":{"line":560,"column":27},"end":{"line":562,"column":10}},"locations":[{"start":{"line":560,"column":27},"end":{"line":562,"column":10}}]},"212":{"type":"branch","line":564,"loc":{"start":{"line":564,"column":29},"end":{"line":566,"column":9}},"locations":[{"start":{"line":564,"column":29},"end":{"line":566,"column":9}}]},"213":{"type":"branch","line":568,"loc":{"start":{"line":568,"column":42},"end":{"line":570,"column":9}},"locations":[{"start":{"line":568,"column":42},"end":{"line":570,"column":9}}]},"214":{"type":"branch","line":577,"loc":{"start":{"line":577,"column":0},"end":{"line":579,"column":1}},"locations":[{"start":{"line":577,"column":0},"end":{"line":579,"column":1}}]},"215":{"type":"branch","line":578,"loc":{"start":{"line":578,"column":16},"end":{"line":578,"column":64}},"locations":[{"start":{"line":578,"column":16},"end":{"line":578,"column":64}}]}},"b":{"0":[343],"1":[428],"2":[25],"3":[84],"4":[9],"5":[10],"6":[43],"7":[48],"8":[10],"9":[12],"10":[15],"11":[17],"12":[5],"13":[10],"14":[5],"15":[10],"16":[7],"17":[16],"18":[5],"19":[2],"20":[6],"21":[6],"22":[6],"23":[6],"24":[9],"25":[5],"26":[2],"27":[1],"28":[26],"29":[15],"30":[9],"31":[17],"32":[6],"33":[17],"34":[6],"35":[11],"36":[3],"37":[8],"38":[5],"39":[2],"40":[1],"41":[7],"42":[25],"43":[15],"44":[4],"45":[21],"46":[6],"47":[21],"48":[7],"49":[3],"50":[12],"51":[3],"52":[12],"53":[4],"54":[7],"55":[8],"56":[8],"57":[9],"58":[3],"59":[4],"60":[8],"61":[2],"62":[1],"63":[8],"64":[7],"65":[8],"66":[4],"67":[4],"68":[4],"69":[4],"70":[9],"71":[7],"72":[4],"73":[2],"74":[2],"75":[1],"76":[2],"77":[1],"78":[1],"79":[8],"80":[8],"81":[6],"82":[3],"83":[2],"84":[1],"85":[5],"86":[5],"87":[4],"88":[7],"89":[2],"90":[2],"91":[4],"92":[7],"93":[2],"94":[2],"95":[11],"96":[8],"97":[3],"98":[1],"99":[2],"100":[27],"101":[19],"102":[9],"103":[18],"104":[6],"105":[5],"106":[7],"107":[21],"108":[3],"109":[1],"110":[6],"111":[6],"112":[2],"113":[1],"114":[4],"115":[10],"116":[3],"117":[7],"118":[3],"119":[205],"120":[279],"121":[2],"122":[3],"123":[4],"124":[1],"125":[1],"126":[12],"127":[26],"128":[4],"129":[22],"130":[10],"131":[16],"132":[2],"133":[12],"134":[37],"135":[6],"136":[31],"137":[16],"138":[428],"139":[282],"140":[277],"141":[875],"142":[6],"143":[3],"144":[3],"145":[869],"146":[843],"147":[245],"148":[5],"149":[15],"150":[6],"151":[3],"152":[3],"153":[9],"154":[1],"155":[10],"156":[7],"157":[1],"158":[1],"159":[1],"160":[30],"161":[18],"162":[20],"163":[9],"164":[15],"165":[48],"166":[133],"167":[3],"168":[130],"169":[120],"170":[35],"171":[12],"172":[40],"173":[3],"174":[37],"175":[37],"176":[37],"177":[3],"178":[17],"179":[79],"180":[3],"181":[76],"182":[34],"183":[31],"184":[14],"185":[8],"186":[12],"187":[10],"188":[2],"189":[9],"190":[22],"191":[66],"192":[149],"193":[22],"194":[21],"195":[128],"196":[4],"197":[4],"198":[8],"199":[48],"200":[41],"201":[26],"202":[5],"203":[15],"204":[4],"205":[11],"206":[1],"207":[4],"208":[13],"209":[8],"210":[40],"211":[15],"212":[8],"213":[14],"214":[483],"215":[482]},"fnMap":{"0":{"name":"Sequence","decl":{"start":{"line":10,"column":12},"end":{"line":10,"column":71}},"loc":{"start":{"line":10,"column":12},"end":{"line":10,"column":71}},"line":10},"1":{"name":"Object.<anonymous>","decl":{"start":{"line":12,"column":4},"end":{"line":14,"column":5}},"loc":{"start":{"line":12,"column":4},"end":{"line":14,"column":5}},"line":12},"2":{"name":"count","decl":{"start":{"line":16,"column":4},"end":{"line":23,"column":5}},"loc":{"start":{"line":16,"column":4},"end":{"line":23,"column":5}},"line":16},"3":{"name":"fill","decl":{"start":{"line":25,"column":4},"end":{"line":27,"column":5}},"loc":{"start":{"line":25,"column":4},"end":{"line":27,"column":5}},"line":25},"4":{"name":"map","decl":{"start":{"line":29,"column":4},"end":{"line":31,"column":5}},"loc":{"start":{"line":29,"column":4},"end":{"line":31,"column":5}},"line":29},"5":{"name":"flatMap","decl":{"start":{"line":33,"column":4},"end":{"line":35,"column":5}},"loc":{"start":{"line":33,"column":4},"end":{"line":35,"column":5}},"line":33},"6":{"name":"filter","decl":{"start":{"line":37,"column":4},"end":{"line":39,"column":5}},"loc":{"start":{"line":37,"column":4},"end":{"line":39,"column":5}},"line":37},"7":{"name":"reduce","decl":{"start":{"line":41,"column":4},"end":{"line":49,"column":5}},"loc":{"start":{"line":41,"column":4},"end":{"line":49,"column":5}},"line":41},"8":{"name":"reduceRight","decl":{"start":{"line":51,"column":4},"end":{"line":59,"column":5}},"loc":{"start":{"line":51,"column":4},"end":{"line":59,"column":5}},"line":51},"9":{"name":"at","decl":{"start":{"line":61,"column":4},"end":{"line":69,"column":5}},"loc":{"start":{"line":61,"column":4},"end":{"line":69,"column":5}},"line":61},"10":{"name":"find","decl":{"start":{"line":73,"column":4},"end":{"line":77,"column":5}},"loc":{"start":{"line":73,"column":4},"end":{"line":77,"column":5}},"line":73},"11":{"name":"findIndex","decl":{"start":{"line":81,"column":4},"end":{"line":85,"column":5}},"loc":{"start":{"line":81,"column":4},"end":{"line":85,"column":5}},"line":81},"12":{"name":"findLast","decl":{"start":{"line":89,"column":4},"end":{"line":93,"column":5}},"loc":{"start":{"line":89,"column":4},"end":{"line":93,"column":5}},"line":89},"13":{"name":"findLastIndex","decl":{"start":{"line":97,"column":4},"end":{"line":101,"column":5}},"loc":{"start":{"line":97,"column":4},"end":{"line":101,"column":5}},"line":97},"14":{"name":"indexOf","decl":{"start":{"line":105,"column":4},"end":{"line":132,"column":5}},"loc":{"start":{"line":105,"column":4},"end":{"line":132,"column":5}},"line":105},"15":{"name":"lastIndexOf","decl":{"start":{"line":136,"column":4},"end":{"line":164,"column":5}},"loc":{"start":{"line":136,"column":4},"end":{"line":164,"column":5}},"line":136},"16":{"name":"entries","decl":{"start":{"line":166,"column":4},"end":{"line":168,"column":5}},"loc":{"start":{"line":166,"column":4},"end":{"line":168,"column":5}},"line":166},"17":{"name":"keys","decl":{"start":{"line":170,"column":4},"end":{"line":172,"column":5}},"loc":{"start":{"line":170,"column":4},"end":{"line":172,"column":5}},"line":170},"18":{"name":"values","decl":{"start":{"line":174,"column":4},"end":{"line":176,"column":5}},"loc":{"start":{"line":174,"column":4},"end":{"line":176,"column":5}},"line":174},"19":{"name":"concat","decl":{"start":{"line":178,"column":4},"end":{"line":180,"column":5}},"loc":{"start":{"line":178,"column":4},"end":{"line":180,"column":5}},"line":178},"20":{"name":"toReversed","decl":{"start":{"line":182,"column":4},"end":{"line":184,"column":5}},"loc":{"start":{"line":182,"column":4},"end":{"line":184,"column":5}},"line":182},"21":{"name":"toSorted","decl":{"start":{"line":188,"column":4},"end":{"line":190,"column":5}},"loc":{"start":{"line":188,"column":4},"end":{"line":190,"column":5}},"line":188},"22":{"name":"toSpliced","decl":{"start":{"line":192,"column":4},"end":{"line":205,"column":5}},"loc":{"start":{"line":192,"column":4},"end":{"line":205,"column":5}},"line":192},"23":{"name":"flat","decl":{"start":{"line":209,"column":4},"end":{"line":211,"column":5}},"loc":{"start":{"line":209,"column":4},"end":{"line":211,"column":5}},"line":209},"24":{"name":"push","decl":{"start":{"line":213,"column":4},"end":{"line":215,"column":5}},"loc":{"start":{"line":213,"column":4},"end":{"line":215,"column":5}},"line":213},"25":{"name":"unshift","decl":{"start":{"line":217,"column":4},"end":{"line":219,"column":5}},"loc":{"start":{"line":217,"column":4},"end":{"line":219,"column":5}},"line":217},"26":{"name":"slice","decl":{"start":{"line":224,"column":4},"end":{"line":252,"column":5}},"loc":{"start":{"line":224,"column":4},"end":{"line":252,"column":5}},"line":224},"27":{"name":"with","decl":{"start":{"line":254,"column":4},"end":{"line":266,"column":5}},"loc":{"start":{"line":254,"column":4},"end":{"line":266,"column":5}},"line":254},"28":{"name":"every","decl":{"start":{"line":268,"column":4},"end":{"line":276,"column":5}},"loc":{"start":{"line":268,"column":4},"end":{"line":276,"column":5}},"line":268},"29":{"name":"some","decl":{"start":{"line":278,"column":4},"end":{"line":286,"column":5}},"loc":{"start":{"line":278,"column":4},"end":{"line":286,"column":5}},"line":278},"30":{"name":"includes","decl":{"start":{"line":288,"column":4},"end":{"line":312,"column":5}},"loc":{"start":{"line":288,"column":4},"end":{"line":312,"column":5}},"line":288},"31":{"name":"toArray","decl":{"start":{"line":314,"column":4},"end":{"line":330,"column":5}},"loc":{"start":{"line":314,"column":4},"end":{"line":330,"column":5}},"line":314},"32":{"name":"toString","decl":{"start":{"line":332,"column":4},"end":{"line":334,"column":5}},"loc":{"start":{"line":332,"column":4},"end":{"line":334,"column":5}},"line":332},"33":{"name":"toLocaleString","decl":{"start":{"line":336,"column":4},"end":{"line":338,"column":5}},"loc":{"start":{"line":336,"column":4},"end":{"line":338,"column":5}},"line":336},"34":{"name":"forEach","decl":{"start":{"line":340,"column":4},"end":{"line":345,"column":5}},"loc":{"start":{"line":340,"column":4},"end":{"line":345,"column":5}},"line":340},"35":{"name":"join","decl":{"start":{"line":347,"column":4},"end":{"line":351,"column":5}},"loc":{"start":{"line":347,"column":4},"end":{"line":351,"column":5}},"line":347},"36":{"name":"from","decl":{"start":{"line":355,"column":11},"end":{"line":357,"column":5}},"loc":{"start":{"line":355,"column":11},"end":{"line":357,"column":5}},"line":355},"37":{"name":"of","decl":{"start":{"line":359,"column":11},"end":{"line":361,"column":5}},"loc":{"start":{"line":359,"column":11},"end":{"line":361,"column":5}},"line":359},"38":{"name":"isSequence","decl":{"start":{"line":363,"column":11},"end":{"line":365,"column":5}},"loc":{"start":{"line":363,"column":11},"end":{"line":365,"column":5}},"line":363},"39":{"name":"empty","decl":{"start":{"line":367,"column":11},"end":{"line":369,"column":5}},"loc":{"start":{"line":367,"column":11},"end":{"line":369,"column":5}},"line":367},"40":{"name":"findEntry","decl":{"start":{"line":371,"column":12},"end":{"line":382,"column":5}},"loc":{"start":{"line":371,"column":12},"end":{"line":382,"column":5}},"line":371},"41":{"name":"findLastEntry","decl":{"start":{"line":384,"column":12},"end":{"line":398,"column":5}},"loc":{"start":{"line":384,"column":12},"end":{"line":398,"column":5}},"line":384},"42":{"name":"getIterator","decl":{"start":{"line":400,"column":12},"end":{"line":402,"column":5}},"loc":{"start":{"line":400,"column":12},"end":{"line":402,"column":5}},"line":400},"43":{"name":"fromGeneratator","decl":{"start":{"line":405,"column":0},"end":{"line":417,"column":1}},"loc":{"start":{"line":405,"column":0},"end":{"line":417,"column":1}},"line":405},"44":{"name":"emptyGenerator","decl":{"start":{"line":419,"column":0},"end":{"line":420,"column":25}},"loc":{"start":{"line":419,"column":0},"end":{"line":420,"column":25}},"line":419},"45":{"name":"fillGenerator","decl":{"start":{"line":423,"column":0},"end":{"line":446,"column":1}},"loc":{"start":{"line":423,"column":0},"end":{"line":446,"column":1}},"line":423},"46":{"name":"mapGenerator","decl":{"start":{"line":448,"column":0},"end":{"line":453,"column":1}},"loc":{"start":{"line":448,"column":0},"end":{"line":453,"column":1}},"line":448},"47":{"name":"flatMapGenerator","decl":{"start":{"line":455,"column":0},"end":{"line":467,"column":1}},"loc":{"start":{"line":455,"column":0},"end":{"line":467,"column":1}},"line":455},"48":{"name":"filterGenerator","decl":{"start":{"line":469,"column":0},"end":{"line":476,"column":1}},"loc":{"start":{"line":469,"column":0},"end":{"line":476,"column":1}},"line":469},"49":{"name":"concatGenerator","decl":{"start":{"line":478,"column":0},"end":{"line":487,"column":1}},"loc":{"start":{"line":478,"column":0},"end":{"line":487,"column":1}},"line":478},"50":{"name":"reversedGenerator","decl":{"start":{"line":489,"column":0},"end":{"line":495,"column":1}},"loc":{"start":{"line":489,"column":0},"end":{"line":495,"column":1}},"line":489},"51":{"name":"flatGenerator","decl":{"start":{"line":499,"column":0},"end":{"line":508,"column":1}},"loc":{"start":{"line":499,"column":0},"end":{"line":508,"column":1}},"line":499},"52":{"name":"pushGenerator","decl":{"start":{"line":510,"column":0},"end":{"line":513,"column":1}},"loc":{"start":{"line":510,"column":0},"end":{"line":513,"column":1}},"line":510},"53":{"name":"unshiftGenerator","decl":{"start":{"line":515,"column":0},"end":{"line":518,"column":1}},"loc":{"start":{"line":515,"column":0},"end":{"line":518,"column":1}},"line":515},"54":{"name":"sliceGenerator","decl":{"start":{"line":520,"column":0},"end":{"line":529,"column":1}},"loc":{"start":{"line":520,"column":0},"end":{"line":529,"column":1}},"line":520},"55":{"name":"withGenerator","decl":{"start":{"line":531,"column":0},"end":{"line":547,"column":1}},"loc":{"start":{"line":531,"column":0},"end":{"line":547,"column":1}},"line":531},"56":{"name":"toSortedGenerator","decl":{"start":{"line":549,"column":0},"end":{"line":555,"column":1}},"loc":{"start":{"line":549,"column":0},"end":{"line":555,"column":1}},"line":549},"57":{"name":"toSplicedGenerator","decl":{"start":{"line":557,"column":0},"end":{"line":575,"column":1}},"loc":{"start":{"line":557,"column":0},"end":{"line":575,"column":1}},"line":557},"58":{"name":"isIterable","decl":{"start":{"line":577,"column":0},"end":{"line":579,"column":1}},"loc":{"start":{"line":577,"column":0},"end":{"line":579,"column":1}},"line":577}},"f":{"0":343,"1":428,"2":25,"3":9,"4":43,"5":10,"6":15,"7":5,"8":5,"9":7,"10":6,"11":6,"12":6,"13":6,"14":9,"15":8,"16":3,"17":3,"18":4,"19":7,"20":8,"21":3,"22":8,"23":7,"24":4,"25":4,"26":9,"27":6,"28":4,"29":4,"30":11,"31":7,"32":2,"33":1,"34":4,"35":3,"36":205,"37":2,"38":4,"39":1,"40":12,"41":12,"42":428,"43":282,"44":1,"45":10,"46":48,"47":12,"48":17,"49":8,"50":9,"51":66,"52":4,"53":4,"54":8,"55":5,"56":4,"57":8,"58":483}}
,"D:\\JSMunroe\\sequence-js\\src\\interfaces\\Countable.ts": {"path":"D:\\JSMunroe\\sequence-js\\src\\interfaces\\Countable.ts","all":true,"statementMap":{"0":{"start":{"line":1,"column":0},"end":{"line":1,"column":36}},"1":{"start":{"line":2,"column":0},"end":{"line":2,"column":20}},"2":{"start":{"line":3,"column":0},"end":{"line":3,"column":1}}},"s":{"0":0,"1":0,"2":0},"branchMap":{"0":{"type":"branch","line":1,"loc":{"start":{"line":1,"column":0},"end":{"line":3,"column":1}},"locations":[{"start":{"line":1,"column":0},"end":{"line":3,"column":1}}]}},"b":{"0":[0]},"fnMap":{"0":{"name":"(empty-report)","decl":{"start":{"line":1,"column":0},"end":{"line":3,"column":1}},"loc":{"start":{"line":1,"column":0},"end":{"line":3,"column":1}},"line":1}},"f":{"0":0}}
,"D:\\JSMunroe\\sequence-js\\src\\interfaces\\index.ts": {"path":"D:\\JSMunroe\\sequence-js\\src\\interfaces\\index.ts","all":true,"statementMap":{"0":{"start":{"line":1,"column":0},"end":{"line":1,"column":55}}},"s":{"0":0},"branchMap":{"0":{"type":"branch","line":1,"loc":{"start":{"line":1,"column":0},"end":{"line":1,"column":55}},"locations":[{"start":{"line":1,"column":0},"end":{"line":1,"column":55}}]}},"b":{"0":[0]},"fnMap":{"0":{"name":"(empty-report)","decl":{"start":{"line":1,"column":0},"end":{"line":1,"column":55}},"loc":{"start":{"line":1,"column":0},"end":{"line":1,"column":55}},"line":1}},"f":{"0":0}}
}
