TN:
SF:src\Sequence.ts
FN:10,Sequence
FN:12,Object.<anonymous>
FN:16,count
FN:25,fill
FN:29,map
FN:33,flatMap
FN:37,filter
FN:41,reduce
FN:51,reduceRight
FN:61,at
FN:73,find
FN:81,findIndex
FN:89,findLast
FN:97,findLastIndex
FN:105,indexOf
FN:136,lastIndexOf
FN:166,entries
FN:170,keys
FN:174,values
FN:178,concat
FN:182,toReversed
FN:188,toSorted
FN:192,toSpliced
FN:209,flat
FN:213,push
FN:217,unshift
FN:224,slice
FN:254,with
FN:268,every
FN:278,some
FN:288,includes
FN:314,toArray
FN:332,toString
FN:336,toLocaleString
FN:340,forEach
FN:347,join
FN:355,from
FN:359,of
FN:363,isSequence
FN:367,empty
FN:371,findEntry
FN:384,findLastEntry
FN:400,getIterator
FN:405,fromGeneratator
FN:419,emptyGenerator
FN:423,fillGenerator
FN:448,mapGenerator
FN:455,flatMapGenerator
FN:469,filterGenerator
FN:478,concatGenerator
FN:489,reversedGenerator
FN:499,flatGenerator
FN:510,pushGenerator
FN:515,unshiftGenerator
FN:520,sliceGenerator
FN:531,withGenerator
FN:549,toSortedGenerator
FN:557,toSplicedGenerator
FN:577,isIterable
FNF:59
FNH:59
FNDA:343,Sequence
FNDA:428,Object.<anonymous>
FNDA:25,count
FNDA:9,fill
FNDA:43,map
FNDA:10,flatMap
FNDA:15,filter
FNDA:5,reduce
FNDA:5,reduceRight
FNDA:7,at
FNDA:6,find
FNDA:6,findIndex
FNDA:6,findLast
FNDA:6,findLastIndex
FNDA:9,indexOf
FNDA:8,lastIndexOf
FNDA:3,entries
FNDA:3,keys
FNDA:4,values
FNDA:7,concat
FNDA:8,toReversed
FNDA:3,toSorted
FNDA:8,toSpliced
FNDA:7,flat
FNDA:4,push
FNDA:4,unshift
FNDA:9,slice
FNDA:6,with
FNDA:4,every
FNDA:4,some
FNDA:11,includes
FNDA:7,toArray
FNDA:2,toString
FNDA:1,toLocaleString
FNDA:4,forEach
FNDA:3,join
FNDA:205,from
FNDA:2,of
FNDA:4,isSequence
FNDA:1,empty
FNDA:12,findEntry
FNDA:12,findLastEntry
FNDA:428,getIterator
FNDA:282,fromGeneratator
FNDA:1,emptyGenerator
FNDA:10,fillGenerator
FNDA:48,mapGenerator
FNDA:12,flatMapGenerator
FNDA:17,filterGenerator
FNDA:8,concatGenerator
FNDA:9,reversedGenerator
FNDA:66,flatGenerator
FNDA:4,pushGenerator
FNDA:4,unshiftGenerator
FNDA:8,sliceGenerator
FNDA:5,withGenerator
FNDA:4,toSortedGenerator
FNDA:8,toSplicedGenerator
FNDA:483,isIterable
DA:1,1
DA:2,1
DA:3,1
DA:4,1
DA:5,1
DA:6,1
DA:7,1
DA:8,1
DA:9,1
DA:10,1
DA:11,1
DA:12,1
DA:13,428
DA:14,428
DA:15,1
DA:16,1
DA:17,25
DA:18,25
DA:19,84
DA:20,84
DA:21,25
DA:22,25
DA:23,25
DA:24,1
DA:25,1
DA:26,9
DA:27,9
DA:28,1
DA:29,1
DA:30,43
DA:31,43
DA:32,1
DA:33,1
DA:34,10
DA:35,10
DA:36,1
DA:37,1
DA:38,15
DA:39,15
DA:40,1
DA:41,1
DA:42,5
DA:43,5
DA:44,5
DA:45,10
DA:46,10
DA:47,5
DA:48,5
DA:49,5
DA:50,1
DA:51,1
DA:52,5
DA:53,5
DA:54,5
DA:55,10
DA:56,10
DA:57,5
DA:58,5
DA:59,5
DA:60,1
DA:61,1
DA:62,7
DA:63,16
DA:64,5
DA:65,5
DA:66,16
DA:67,2
DA:68,2
DA:69,2
DA:70,1
DA:71,1
DA:72,1
DA:73,1
DA:74,6
DA:75,6
DA:76,6
DA:77,6
DA:78,1
DA:79,1
DA:80,1
DA:81,1
DA:82,6
DA:83,6
DA:84,6
DA:85,6
DA:86,1
DA:87,1
DA:88,1
DA:89,1
DA:90,6
DA:91,6
DA:92,6
DA:93,6
DA:94,1
DA:95,1
DA:96,1
DA:97,1
DA:98,6
DA:99,6
DA:100,6
DA:101,6
DA:102,1
DA:103,1
DA:104,1
DA:105,1
DA:106,9
DA:107,2
DA:108,2
DA:109,2
DA:110,1
DA:111,1
DA:112,1
DA:113,1
DA:114,1
DA:115,2
DA:116,9
DA:117,9
DA:118,9
DA:119,26
DA:120,9
DA:121,9
DA:122,9
DA:123,17
DA:124,26
DA:125,6
DA:126,6
DA:127,11
DA:128,11
DA:129,11
DA:130,3
DA:131,3
DA:132,3
DA:133,1
DA:134,1
DA:135,1
DA:136,1
DA:137,8
DA:138,2
DA:139,2
DA:140,2
DA:141,1
DA:142,1
DA:143,1
DA:144,1
DA:145,1
DA:146,2
DA:147,7
DA:148,7
DA:149,7
DA:150,8
DA:151,25
DA:152,4
DA:153,4
DA:154,4
DA:155,21
DA:156,25
DA:157,6
DA:158,6
DA:159,21
DA:160,21
DA:161,21
DA:162,7
DA:163,7
DA:164,7
DA:165,1
DA:166,1
DA:167,3
DA:168,3
DA:169,1
DA:170,1
DA:171,3
DA:172,3
DA:173,1
DA:174,1
DA:175,4
DA:176,4
DA:177,1
DA:178,1
DA:179,7
DA:180,7
DA:181,1
DA:182,1
DA:183,8
DA:184,8
DA:185,1
DA:186,1
DA:187,1
DA:188,1
DA:189,3
DA:190,3
DA:191,1
DA:192,1
DA:193,8
DA:194,2
DA:195,2
DA:196,2
DA:197,1
DA:198,1
DA:199,1
DA:200,1
DA:201,1
DA:202,2
DA:203,8
DA:204,8
DA:205,8
DA:206,1
DA:207,1
DA:208,1
DA:209,1
DA:210,7
DA:211,7
DA:212,1
DA:213,1
DA:214,4
DA:215,4
DA:216,1
DA:217,1
DA:218,4
DA:219,4
DA:220,1
DA:221,1
DA:222,1
DA:223,1
DA:224,1
DA:225,9
DA:226,4
DA:227,4
DA:228,4
DA:229,4
DA:230,2
DA:231,1
DA:232,1
DA:233,1
DA:234,1
DA:235,1
DA:236,2
DA:237,4
DA:238,2
DA:239,1
DA:240,1
DA:241,1
DA:242,1
DA:243,1
DA:244,2
DA:245,4
DA:246,9
DA:247,9
DA:248,1
DA:249,1
DA:250,8
DA:251,8
DA:252,8
DA:253,1
DA:254,1
DA:255,6
DA:256,3
DA:257,3
DA:258,3
DA:259,3
DA:260,3
DA:261,1
DA:262,1
DA:263,3
DA:264,5
DA:265,5
DA:266,5
DA:267,1
DA:268,1
DA:269,4
DA:270,7
DA:271,2
DA:272,2
DA:273,7
DA:274,2
DA:275,2
DA:276,2
DA:277,1
DA:278,1
DA:279,4
DA:280,7
DA:281,2
DA:282,2
DA:283,7
DA:284,2
DA:285,2
DA:286,2
DA:287,1
DA:288,1
DA:289,11
DA:290,3
DA:291,3
DA:292,3
DA:293,1
DA:294,1
DA:295,2
DA:296,2
DA:297,2
DA:298,3
DA:299,11
DA:300,11
DA:301,11
DA:302,27
DA:303,9
DA:304,9
DA:305,18
DA:306,27
DA:307,6
DA:308,6
DA:309,27
DA:310,5
DA:311,5
DA:312,5
DA:313,1
DA:314,1
DA:315,7
DA:316,7
DA:317,7
DA:318,21
DA:319,21
DA:320,21
DA:321,3
DA:322,3
DA:323,21
DA:324,7
DA:325,7
DA:326,1
DA:327,1
DA:328,6
DA:329,6
DA:330,6
DA:331,1
DA:332,1
DA:333,2
DA:334,2
DA:335,1
DA:336,1
DA:337,1
DA:338,1
DA:339,1
DA:340,1
DA:341,4
DA:342,4
DA:343,10
DA:344,10
DA:345,4
DA:346,1
DA:347,1
DA:348,3
DA:349,3
DA:350,3
DA:351,3
DA:352,1
DA:353,1
DA:354,1
DA:355,1
DA:356,205
DA:357,205
DA:358,1
DA:359,1
DA:360,2
DA:361,2
DA:362,1
DA:363,1
DA:364,4
DA:365,4
DA:366,1
DA:367,1
DA:368,1
DA:369,1
DA:370,1
DA:371,1
DA:372,12
DA:373,12
DA:374,26
DA:375,10
DA:376,10
DA:377,16
DA:378,16
DA:379,16
DA:380,2
DA:381,2
DA:382,2
DA:383,1
DA:384,1
DA:385,12
DA:386,12
DA:387,12
DA:388,12
DA:389,37
DA:390,16
DA:391,16
DA:392,16
DA:393,37
DA:394,37
DA:395,37
DA:396,12
DA:397,12
DA:398,12
DA:399,1
DA:400,1
DA:401,428
DA:402,428
DA:403,1
DA:404,1
DA:405,282
DA:406,282
DA:407,282
DA:408,277
DA:409,875
DA:410,843
DA:411,245
DA:412,5
DA:413,5
DA:414,15
DA:415,15
DA:416,5
DA:417,282
DA:418,1
DA:419,1
DA:420,1
DA:421,1
DA:422,1
DA:423,10
DA:424,10
DA:425,1
DA:426,1
DA:427,1
DA:428,1
DA:429,1
DA:430,1
DA:431,1
DA:432,1
DA:433,1
DA:434,1
DA:435,10
DA:436,10
DA:437,10
DA:438,30
DA:439,15
DA:440,15
DA:441,15
DA:442,15
DA:443,30
DA:444,30
DA:445,30
DA:446,10
DA:447,1
DA:448,48
DA:449,48
DA:450,48
DA:451,133
DA:452,120
DA:453,35
DA:454,1
DA:455,12
DA:456,12
DA:457,12
DA:458,12
DA:459,40
DA:460,40
DA:461,40
DA:462,37
DA:463,40
DA:464,3
DA:465,3
DA:466,40
DA:467,12
DA:468,1
DA:469,17
DA:470,17
DA:471,17
DA:472,79
DA:473,34
DA:474,31
DA:475,79
DA:476,14
DA:477,1
DA:478,8
DA:479,8
DA:480,8
DA:481,12
DA:482,10
DA:483,12
DA:484,2
DA:485,2
DA:486,12
DA:487,8
DA:488,1
DA:489,9
DA:490,9
DA:491,9
DA:492,9
DA:493,22
DA:494,22
DA:495,9
DA:496,1
DA:497,1
DA:498,1
DA:499,66
DA:500,66
DA:501,66
DA:502,149
DA:503,21
DA:504,149
DA:505,128
DA:506,128
DA:507,149
DA:508,66
DA:509,1
DA:510,4
DA:511,4
DA:512,4
DA:513,4
DA:514,1
DA:515,4
DA:516,4
DA:517,4
DA:518,4
DA:519,1
DA:520,8
DA:521,8
DA:522,8
DA:523,48
DA:524,26
DA:525,26
DA:526,48
DA:527,48
DA:528,48
DA:529,8
DA:530,1
DA:531,5
DA:532,5
DA:533,5
DA:534,5
DA:535,15
DA:536,4
DA:537,4
DA:538,4
DA:539,11
DA:540,11
DA:541,11
DA:542,15
DA:543,5
DA:544,5
DA:545,1
DA:546,1
DA:547,5
DA:548,1
DA:549,4
DA:550,4
DA:551,4
DA:552,4
DA:553,13
DA:554,13
DA:555,4
DA:556,1
DA:557,8
DA:558,8
DA:559,8
DA:560,40
DA:561,15
DA:562,15
DA:563,40
DA:564,40
DA:565,8
DA:566,8
DA:567,40
DA:568,40
DA:569,14
DA:570,14
DA:571,40
DA:572,40
DA:573,40
DA:574,8
DA:575,8
DA:576,1
DA:577,483
DA:578,483
DA:579,483
LF:579
LH:579
BRDA:10,0,0,343
BRDA:12,1,0,428
BRDA:16,2,0,25
BRDA:18,3,0,84
BRDA:25,4,0,9
BRDA:26,5,0,10
BRDA:29,6,0,43
BRDA:30,7,0,48
BRDA:33,8,0,10
BRDA:34,9,0,12
BRDA:37,10,0,15
BRDA:38,11,0,17
BRDA:41,12,0,5
BRDA:44,13,0,10
BRDA:51,14,0,5
BRDA:54,15,0,10
BRDA:61,16,0,7
BRDA:62,17,0,16
BRDA:63,18,0,5
BRDA:66,19,0,2
BRDA:73,20,0,6
BRDA:81,21,0,6
BRDA:89,22,0,6
BRDA:97,23,0,6
BRDA:105,24,0,9
BRDA:106,25,0,5
BRDA:106,26,0,2
BRDA:109,27,0,1
BRDA:118,28,0,26
BRDA:119,29,0,15
BRDA:119,30,0,9
BRDA:122,31,0,17
BRDA:124,32,0,6
BRDA:124,33,0,17
BRDA:124,34,0,6
BRDA:126,35,0,11
BRDA:129,36,0,3
BRDA:136,37,0,8
BRDA:137,38,0,5
BRDA:137,39,0,2
BRDA:140,40,0,1
BRDA:146,41,0,7
BRDA:150,42,0,25
BRDA:151,43,0,15
BRDA:151,44,0,4
BRDA:154,45,0,21
BRDA:156,46,0,6
BRDA:158,47,0,21
BRDA:161,48,0,7
BRDA:166,49,0,3
BRDA:167,50,0,12
BRDA:170,51,0,3
BRDA:171,52,0,12
BRDA:174,53,0,4
BRDA:178,54,0,7
BRDA:179,55,0,8
BRDA:182,56,0,8
BRDA:183,57,0,9
BRDA:188,58,0,3
BRDA:189,59,0,4
BRDA:192,60,0,8
BRDA:193,61,0,2
BRDA:196,62,0,1
BRDA:204,63,0,8
BRDA:209,64,0,7
BRDA:210,65,0,8
BRDA:213,66,0,4
BRDA:214,67,0,4
BRDA:217,68,0,4
BRDA:218,69,0,4
BRDA:224,70,0,9
BRDA:225,71,0,7
BRDA:225,72,0,4
BRDA:229,73,0,2
BRDA:229,74,0,2
BRDA:230,75,0,1
BRDA:237,76,0,2
BRDA:238,77,0,1
BRDA:247,78,0,1
BRDA:249,79,0,8
BRDA:251,80,0,8
BRDA:254,81,0,6
BRDA:255,82,0,3
BRDA:260,83,0,2
BRDA:260,84,0,1
BRDA:263,85,0,5
BRDA:265,86,0,5
BRDA:268,87,0,4
BRDA:269,88,0,7
BRDA:270,89,0,2
BRDA:273,90,0,2
BRDA:278,91,0,4
BRDA:279,92,0,7
BRDA:280,93,0,2
BRDA:283,94,0,2
BRDA:288,95,0,11
BRDA:289,96,0,8
BRDA:289,97,0,3
BRDA:292,98,0,1
BRDA:295,99,0,2
BRDA:301,100,0,27
BRDA:302,101,0,19
BRDA:302,102,0,9
BRDA:304,103,0,18
BRDA:306,104,0,6
BRDA:309,105,0,5
BRDA:314,106,0,7
BRDA:317,107,0,21
BRDA:320,108,0,3
BRDA:325,109,0,1
BRDA:327,110,0,6
BRDA:325,111,0,6
BRDA:332,112,0,2
BRDA:336,113,0,1
BRDA:340,114,0,4
BRDA:342,115,0,10
BRDA:343,116,0,3
BRDA:343,117,0,7
BRDA:347,118,0,3
BRDA:355,119,0,205
BRDA:356,120,0,279
BRDA:359,121,0,2
BRDA:360,122,0,3
BRDA:363,123,0,4
BRDA:367,124,0,1
BRDA:368,125,0,1
BRDA:371,126,0,12
BRDA:373,127,0,26
BRDA:374,128,0,4
BRDA:374,129,0,22
BRDA:374,130,0,10
BRDA:376,131,0,16
BRDA:379,132,0,2
BRDA:384,133,0,12
BRDA:388,134,0,37
BRDA:389,135,0,6
BRDA:389,136,0,31
BRDA:389,137,0,16
BRDA:400,138,0,428
BRDA:405,139,0,282
BRDA:407,140,0,277
BRDA:408,141,0,875
BRDA:409,142,0,6
BRDA:409,143,0,3
BRDA:409,144,0,3
BRDA:409,145,0,869
BRDA:409,146,0,843
BRDA:410,147,0,245
BRDA:412,148,0,5
BRDA:413,149,0,15
BRDA:414,150,0,6
BRDA:414,151,0,3
BRDA:414,152,0,3
BRDA:414,153,0,9
BRDA:419,154,0,1
BRDA:423,155,0,10
BRDA:424,156,0,7
BRDA:424,157,0,1
BRDA:424,158,0,1
BRDA:424,159,0,1
BRDA:437,160,0,30
BRDA:438,161,0,18
BRDA:438,162,0,20
BRDA:438,163,0,9
BRDA:438,164,0,15
BRDA:448,165,0,48
BRDA:450,166,0,133
BRDA:451,167,0,3
BRDA:451,168,0,130
BRDA:451,169,0,120
BRDA:452,170,0,35
BRDA:455,171,0,12
BRDA:458,172,0,40
BRDA:459,173,0,3
BRDA:459,174,0,37
BRDA:461,175,0,37
BRDA:461,176,0,37
BRDA:463,177,0,3
BRDA:469,178,0,17
BRDA:471,179,0,79
BRDA:472,180,0,3
BRDA:472,181,0,76
BRDA:472,182,0,34
BRDA:473,183,0,31
BRDA:475,184,0,14
BRDA:478,185,0,8
BRDA:480,186,0,12
BRDA:481,187,0,10
BRDA:483,188,0,2
BRDA:489,189,0,9
BRDA:492,190,0,22
BRDA:499,191,0,66
BRDA:501,192,0,149
BRDA:502,193,0,22
BRDA:502,194,0,21
BRDA:504,195,0,128
BRDA:510,196,0,4
BRDA:515,197,0,4
BRDA:520,198,0,8
BRDA:522,199,0,48
BRDA:523,200,0,41
BRDA:523,201,0,26
BRDA:531,202,0,5
BRDA:534,203,0,15
BRDA:535,204,0,4
BRDA:539,205,0,11
BRDA:544,206,0,1
BRDA:549,207,0,4
BRDA:552,208,0,13
BRDA:557,209,0,8
BRDA:559,210,0,40
BRDA:560,211,0,15
BRDA:564,212,0,8
BRDA:568,213,0,14
BRDA:577,214,0,483
BRDA:578,215,0,482
BRF:216
BRH:216
end_of_record
TN:
SF:src\interfaces\Countable.ts
FN:1,(empty-report)
FNF:1
FNH:0
FNDA:0,(empty-report)
DA:1,0
DA:2,0
DA:3,0
LF:3
LH:0
BRDA:1,0,0,0
BRF:1
BRH:0
end_of_record
TN:
SF:src\interfaces\index.ts
FN:1,(empty-report)
FNF:1
FNH:0
FNDA:0,(empty-report)
DA:1,0
LF:1
LH:0
BRDA:1,0,0,0
BRF:1
BRH:0
end_of_record
